ARM GAS  /tmp/ccK7s75j.s 			page 1


   1              		.cpu cortex-m7
   2              		.eabi_attribute 27, 1
   3              		.eabi_attribute 28, 1
   4              		.eabi_attribute 20, 1
   5              		.eabi_attribute 21, 1
   6              		.eabi_attribute 23, 3
   7              		.eabi_attribute 24, 1
   8              		.eabi_attribute 25, 1
   9              		.eabi_attribute 26, 1
  10              		.eabi_attribute 30, 4
  11              		.eabi_attribute 34, 1
  12              		.eabi_attribute 18, 4
  13              		.file	"chcore.c"
  14              		.text
  15              	.Ltext0:
  16              		.cfi_sections	.debug_frame
  17              	.Letext0:
  18              		.file 1 "/opt/gcc-arm-none-eabi-6-2017-q2-update/lib/gcc/arm-none-eabi/6.3.1/include/stddef.h"
  19              		.file 2 "/opt/gcc-arm-none-eabi-6-2017-q2-update/arm-none-eabi/include/machine/_default_types.h"
  20              		.file 3 "/opt/gcc-arm-none-eabi-6-2017-q2-update/arm-none-eabi/include/sys/_stdint.h"
  21              		.file 4 "../../modules/ChibiOS/os/common/ports/ARMCMx/compilers/GCC/chtypes.h"
  22              		.file 5 "../../modules/ChibiOS/os/rt/include/chsystypes.h"
  23              		.file 6 "../../modules/ChibiOS/os/rt/include/chschd.h"
  24              		.file 7 "../../modules/ChibiOS/os/rt/include/chtime.h"
  25              		.file 8 "../../modules/ChibiOS/os/common/ext/ARM/CMSIS/Core/Include/core_cm7.h"
  26              		.file 9 "../../modules/ChibiOS/os/common/ext/ST/STM32F7xx/system_stm32f7xx.h"
  27              		.file 10 "../../modules/ChibiOS/os/common/ports/ARMCMx/chcore.h"
  28              		.file 11 "../../modules/ChibiOS/os/common/ports/ARMCMx/chcore_v7m.h"
  29              		.file 12 "../../modules/ChibiOS/os/rt/include/chtm.h"
  30              		.file 13 "../../modules/ChibiOS/os/rt/include/chstats.h"
  31              		.file 14 "../../modules/ChibiOS/os/rt/include/chsem.h"
  32              		.file 15 "../../modules/ChibiOS/os/rt/include/chmtx.h"
  33              		.file 16 "../../modules/ChibiOS/os/rt/include/chsys.h"
  34              		.file 17 "../../modules/ChibiOS/os/rt/include/chregistry.h"
  35              		.file 18 "../../modules/ChibiOS/os/oslib/include/chmemcore.h"
  36              		.file 19 "../../modules/ChibiOS/os/oslib/include/chmempools.h"
  37              		.file 20 "../../modules/ChibiOS/os/oslib/include/chfactory.h"
  38              		.section	.debug_info,"",%progbits
  39              	.Ldebug_info0:
  40 0000 1F0B0000 		.4byte	0xb1f
  41 0004 0400     		.2byte	0x4
  42 0006 00000000 		.4byte	.Ldebug_abbrev0
  43 000a 04       		.byte	0x4
  44 000b 01       		.uleb128 0x1
  45 000c 1D040000 		.4byte	.LASF158
  46 0010 0C       		.byte	0xc
  47 0011 A6050000 		.4byte	.LASF159
  48 0015 3B010000 		.4byte	.LASF160
  49 0019 00000000 		.4byte	.Ldebug_line0
  50 001d 02       		.uleb128 0x2
  51 001e 04       		.byte	0x4
  52 001f 05       		.byte	0x5
  53 0020 696E7400 		.ascii	"int\000"
  54 0024 03       		.uleb128 0x3
  55 0025 0D000000 		.4byte	.LASF4
  56 0029 01       		.byte	0x1
  57 002a D8       		.byte	0xd8
ARM GAS  /tmp/ccK7s75j.s 			page 2


  58 002b 2F000000 		.4byte	0x2f
  59 002f 04       		.uleb128 0x4
  60 0030 04       		.byte	0x4
  61 0031 07       		.byte	0x7
  62 0032 0A020000 		.4byte	.LASF0
  63 0036 04       		.uleb128 0x4
  64 0037 08       		.byte	0x8
  65 0038 05       		.byte	0x5
  66 0039 0F010000 		.4byte	.LASF1
  67 003d 04       		.uleb128 0x4
  68 003e 08       		.byte	0x8
  69 003f 04       		.byte	0x4
  70 0040 68030000 		.4byte	.LASF2
  71 0044 04       		.uleb128 0x4
  72 0045 01       		.byte	0x1
  73 0046 06       		.byte	0x6
  74 0047 1D010000 		.4byte	.LASF3
  75 004b 03       		.uleb128 0x3
  76 004c 37000000 		.4byte	.LASF5
  77 0050 02       		.byte	0x2
  78 0051 2B       		.byte	0x2b
  79 0052 56000000 		.4byte	0x56
  80 0056 04       		.uleb128 0x4
  81 0057 01       		.byte	0x1
  82 0058 08       		.byte	0x8
  83 0059 53050000 		.4byte	.LASF6
  84 005d 04       		.uleb128 0x4
  85 005e 02       		.byte	0x2
  86 005f 05       		.byte	0x5
  87 0060 77050000 		.4byte	.LASF7
  88 0064 03       		.uleb128 0x3
  89 0065 7A060000 		.4byte	.LASF8
  90 0069 02       		.byte	0x2
  91 006a 39       		.byte	0x39
  92 006b 6F000000 		.4byte	0x6f
  93 006f 04       		.uleb128 0x4
  94 0070 02       		.byte	0x2
  95 0071 07       		.byte	0x7
  96 0072 D5060000 		.4byte	.LASF9
  97 0076 03       		.uleb128 0x3
  98 0077 09030000 		.4byte	.LASF10
  99 007b 02       		.byte	0x2
 100 007c 4D       		.byte	0x4d
 101 007d 81000000 		.4byte	0x81
 102 0081 04       		.uleb128 0x4
 103 0082 04       		.byte	0x4
 104 0083 05       		.byte	0x5
 105 0084 6D010000 		.4byte	.LASF11
 106 0088 03       		.uleb128 0x3
 107 0089 A0010000 		.4byte	.LASF12
 108 008d 02       		.byte	0x2
 109 008e 4F       		.byte	0x4f
 110 008f 93000000 		.4byte	0x93
 111 0093 04       		.uleb128 0x4
 112 0094 04       		.byte	0x4
 113 0095 07       		.byte	0x7
 114 0096 4D060000 		.4byte	.LASF13
ARM GAS  /tmp/ccK7s75j.s 			page 3


 115 009a 03       		.uleb128 0x3
 116 009b BE030000 		.4byte	.LASF14
 117 009f 02       		.byte	0x2
 118 00a0 69       		.byte	0x69
 119 00a1 A5000000 		.4byte	0xa5
 120 00a5 04       		.uleb128 0x4
 121 00a6 08       		.byte	0x8
 122 00a7 07       		.byte	0x7
 123 00a8 9D000000 		.4byte	.LASF15
 124 00ac 03       		.uleb128 0x3
 125 00ad 54070000 		.4byte	.LASF16
 126 00b1 03       		.byte	0x3
 127 00b2 18       		.byte	0x18
 128 00b3 4B000000 		.4byte	0x4b
 129 00b7 05       		.uleb128 0x5
 130 00b8 AC000000 		.4byte	0xac
 131 00bc 03       		.uleb128 0x3
 132 00bd 17020000 		.4byte	.LASF17
 133 00c1 03       		.byte	0x3
 134 00c2 24       		.byte	0x24
 135 00c3 64000000 		.4byte	0x64
 136 00c7 03       		.uleb128 0x3
 137 00c8 4B050000 		.4byte	.LASF18
 138 00cc 03       		.byte	0x3
 139 00cd 2C       		.byte	0x2c
 140 00ce 76000000 		.4byte	0x76
 141 00d2 06       		.uleb128 0x6
 142 00d3 C7000000 		.4byte	0xc7
 143 00d7 03       		.uleb128 0x3
 144 00d8 27060000 		.4byte	.LASF19
 145 00dc 03       		.byte	0x3
 146 00dd 30       		.byte	0x30
 147 00de 88000000 		.4byte	0x88
 148 00e2 03       		.uleb128 0x3
 149 00e3 21000000 		.4byte	.LASF20
 150 00e7 03       		.byte	0x3
 151 00e8 3C       		.byte	0x3c
 152 00e9 9A000000 		.4byte	0x9a
 153 00ed 03       		.uleb128 0x3
 154 00ee F3060000 		.4byte	.LASF21
 155 00f2 04       		.byte	0x4
 156 00f3 27       		.byte	0x27
 157 00f4 D7000000 		.4byte	0xd7
 158 00f8 03       		.uleb128 0x3
 159 00f9 06010000 		.4byte	.LASF22
 160 00fd 04       		.byte	0x4
 161 00fe 28       		.byte	0x28
 162 00ff E2000000 		.4byte	0xe2
 163 0103 03       		.uleb128 0x3
 164 0104 C7020000 		.4byte	.LASF23
 165 0108 04       		.byte	0x4
 166 0109 2A       		.byte	0x2a
 167 010a AC000000 		.4byte	0xac
 168 010e 03       		.uleb128 0x3
 169 010f 76010000 		.4byte	.LASF24
 170 0113 04       		.byte	0x4
 171 0114 2B       		.byte	0x2b
ARM GAS  /tmp/ccK7s75j.s 			page 4


 172 0115 AC000000 		.4byte	0xac
 173 0119 03       		.uleb128 0x3
 174 011a DE030000 		.4byte	.LASF25
 175 011e 04       		.byte	0x4
 176 011f 2C       		.byte	0x2c
 177 0120 AC000000 		.4byte	0xac
 178 0124 03       		.uleb128 0x3
 179 0125 15040000 		.4byte	.LASF26
 180 0129 04       		.byte	0x4
 181 012a 2E       		.byte	0x2e
 182 012b D7000000 		.4byte	0xd7
 183 012f 03       		.uleb128 0x3
 184 0130 8D020000 		.4byte	.LASF27
 185 0134 04       		.byte	0x4
 186 0135 2F       		.byte	0x2f
 187 0136 C7000000 		.4byte	0xc7
 188 013a 03       		.uleb128 0x3
 189 013b E8020000 		.4byte	.LASF28
 190 013f 04       		.byte	0x4
 191 0140 31       		.byte	0x31
 192 0141 D7000000 		.4byte	0xd7
 193 0145 03       		.uleb128 0x3
 194 0146 04020000 		.4byte	.LASF29
 195 014a 04       		.byte	0x4
 196 014b 33       		.byte	0x33
 197 014c C7000000 		.4byte	0xc7
 198 0150 03       		.uleb128 0x3
 199 0151 98020000 		.4byte	.LASF30
 200 0155 04       		.byte	0x4
 201 0156 34       		.byte	0x34
 202 0157 D7000000 		.4byte	0xd7
 203 015b 03       		.uleb128 0x3
 204 015c 85060000 		.4byte	.LASF31
 205 0160 05       		.byte	0x5
 206 0161 34       		.byte	0x34
 207 0162 66010000 		.4byte	0x166
 208 0166 07       		.uleb128 0x7
 209 0167 83020000 		.4byte	.LASF50
 210 016b 60       		.byte	0x60
 211 016c 06       		.byte	0x6
 212 016d 8E       		.byte	0x8e
 213 016e 51020000 		.4byte	0x251
 214 0172 08       		.uleb128 0x8
 215 0173 5A020000 		.4byte	.LASF32
 216 0177 06       		.byte	0x6
 217 0178 8F       		.byte	0x8f
 218 0179 86020000 		.4byte	0x286
 219 017d 00       		.byte	0
 220 017e 08       		.uleb128 0x8
 221 017f A8030000 		.4byte	.LASF33
 222 0183 06       		.byte	0x6
 223 0184 90       		.byte	0x90
 224 0185 24010000 		.4byte	0x124
 225 0189 08       		.byte	0x8
 226 018a 09       		.uleb128 0x9
 227 018b 63747800 		.ascii	"ctx\000"
 228 018f 06       		.byte	0x6
ARM GAS  /tmp/ccK7s75j.s 			page 5


 229 0190 91       		.byte	0x91
 230 0191 F8040000 		.4byte	0x4f8
 231 0195 0C       		.byte	0xc
 232 0196 08       		.uleb128 0x8
 233 0197 1E030000 		.4byte	.LASF34
 234 019b 06       		.byte	0x6
 235 019c 93       		.byte	0x93
 236 019d 5C020000 		.4byte	0x25c
 237 01a1 10       		.byte	0x10
 238 01a2 08       		.uleb128 0x8
 239 01a3 6B060000 		.4byte	.LASF35
 240 01a7 06       		.byte	0x6
 241 01a8 94       		.byte	0x94
 242 01a9 5C020000 		.4byte	0x25c
 243 01ad 14       		.byte	0x14
 244 01ae 08       		.uleb128 0x8
 245 01af 7E020000 		.4byte	.LASF36
 246 01b3 06       		.byte	0x6
 247 01b4 9B       		.byte	0x9b
 248 01b5 EA070000 		.4byte	0x7ea
 249 01b9 18       		.byte	0x18
 250 01ba 08       		.uleb128 0x8
 251 01bb 5F060000 		.4byte	.LASF37
 252 01bf 06       		.byte	0x6
 253 01c0 A4       		.byte	0xa4
 254 01c1 01080000 		.4byte	0x801
 255 01c5 1C       		.byte	0x1c
 256 01c6 08       		.uleb128 0x8
 257 01c7 67010000 		.4byte	.LASF38
 258 01cb 06       		.byte	0x6
 259 01cc A9       		.byte	0xa9
 260 01cd 0E010000 		.4byte	0x10e
 261 01d1 20       		.byte	0x20
 262 01d2 08       		.uleb128 0x8
 263 01d3 5C070000 		.4byte	.LASF39
 264 01d7 06       		.byte	0x6
 265 01d8 AD       		.byte	0xad
 266 01d9 03010000 		.4byte	0x103
 267 01dd 21       		.byte	0x21
 268 01de 08       		.uleb128 0x8
 269 01df F1030000 		.4byte	.LASF40
 270 01e3 06       		.byte	0x6
 271 01e4 B2       		.byte	0xb2
 272 01e5 19010000 		.4byte	0x119
 273 01e9 22       		.byte	0x22
 274 01ea 0A       		.uleb128 0xa
 275 01eb 7500     		.ascii	"u\000"
 276 01ed 06       		.byte	0x6
 277 01ee 0301     		.2byte	0x103
 278 01f0 14070000 		.4byte	0x714
 279 01f4 24       		.byte	0x24
 280 01f5 0B       		.uleb128 0xb
 281 01f6 CD010000 		.4byte	.LASF41
 282 01fa 06       		.byte	0x6
 283 01fb 0801     		.2byte	0x108
 284 01fd 62020000 		.4byte	0x262
 285 0201 28       		.byte	0x28
ARM GAS  /tmp/ccK7s75j.s 			page 6


 286 0202 0B       		.uleb128 0xb
 287 0203 5E010000 		.4byte	.LASF42
 288 0207 06       		.byte	0x6
 289 0208 0E01     		.2byte	0x10e
 290 020a 86020000 		.4byte	0x286
 291 020e 2C       		.byte	0x2c
 292 020f 0B       		.uleb128 0xb
 293 0210 9F020000 		.4byte	.LASF43
 294 0214 06       		.byte	0x6
 295 0215 1401     		.2byte	0x114
 296 0217 3A010000 		.4byte	0x13a
 297 021b 34       		.byte	0x34
 298 021c 0B       		.uleb128 0xb
 299 021d A8070000 		.4byte	.LASF44
 300 0221 06       		.byte	0x6
 301 0222 1B01     		.2byte	0x11b
 302 0224 E4070000 		.4byte	0x7e4
 303 0228 38       		.byte	0x38
 304 0229 0B       		.uleb128 0xb
 305 022a 24030000 		.4byte	.LASF45
 306 022e 06       		.byte	0x6
 307 022f 1F01     		.2byte	0x11f
 308 0231 24010000 		.4byte	0x124
 309 0235 3C       		.byte	0x3c
 310 0236 0B       		.uleb128 0xb
 311 0237 60020000 		.4byte	.LASF46
 312 023b 06       		.byte	0x6
 313 023c 2601     		.2byte	0x126
 314 023e 39030000 		.4byte	0x339
 315 0242 40       		.byte	0x40
 316 0243 0B       		.uleb128 0xb
 317 0244 84010000 		.4byte	.LASF47
 318 0248 06       		.byte	0x6
 319 0249 2C01     		.2byte	0x12c
 320 024b C5060000 		.4byte	0x6c5
 321 024f 48       		.byte	0x48
 322 0250 00       		.byte	0
 323 0251 03       		.uleb128 0x3
 324 0252 3E030000 		.4byte	.LASF48
 325 0256 05       		.byte	0x5
 326 0257 39       		.byte	0x39
 327 0258 5C020000 		.4byte	0x25c
 328 025c 0C       		.uleb128 0xc
 329 025d 04       		.byte	0x4
 330 025e 5B010000 		.4byte	0x15b
 331 0262 03       		.uleb128 0x3
 332 0263 73070000 		.4byte	.LASF49
 333 0267 05       		.byte	0x5
 334 0268 3E       		.byte	0x3e
 335 0269 6D020000 		.4byte	0x26d
 336 026d 07       		.uleb128 0x7
 337 026e 37060000 		.4byte	.LASF51
 338 0272 04       		.byte	0x4
 339 0273 06       		.byte	0x6
 340 0274 7C       		.byte	0x7c
 341 0275 86020000 		.4byte	0x286
 342 0279 08       		.uleb128 0x8
ARM GAS  /tmp/ccK7s75j.s 			page 7


 343 027a 01010000 		.4byte	.LASF52
 344 027e 06       		.byte	0x6
 345 027f 7D       		.byte	0x7d
 346 0280 5C020000 		.4byte	0x25c
 347 0284 00       		.byte	0
 348 0285 00       		.byte	0
 349 0286 03       		.uleb128 0x3
 350 0287 2F070000 		.4byte	.LASF53
 351 028b 05       		.byte	0x5
 352 028c 45       		.byte	0x45
 353 028d 91020000 		.4byte	0x291
 354 0291 07       		.uleb128 0x7
 355 0292 52000000 		.4byte	.LASF54
 356 0296 08       		.byte	0x8
 357 0297 06       		.byte	0x6
 358 0298 83       		.byte	0x83
 359 0299 B6020000 		.4byte	0x2b6
 360 029d 08       		.uleb128 0x8
 361 029e 01010000 		.4byte	.LASF52
 362 02a2 06       		.byte	0x6
 363 02a3 84       		.byte	0x84
 364 02a4 5C020000 		.4byte	0x25c
 365 02a8 00       		.byte	0
 366 02a9 08       		.uleb128 0x8
 367 02aa 41000000 		.4byte	.LASF55
 368 02ae 06       		.byte	0x6
 369 02af 85       		.byte	0x85
 370 02b0 5C020000 		.4byte	0x25c
 371 02b4 04       		.byte	0x4
 372 02b5 00       		.byte	0
 373 02b6 03       		.uleb128 0x3
 374 02b7 00000000 		.4byte	.LASF56
 375 02bb 05       		.byte	0x5
 376 02bc 4C       		.byte	0x4c
 377 02bd C1020000 		.4byte	0x2c1
 378 02c1 0D       		.uleb128 0xd
 379 02c2 DA020000 		.4byte	.LASF57
 380 02c6 1C       		.byte	0x1c
 381 02c7 06       		.byte	0x6
 382 02c8 5E01     		.2byte	0x15e
 383 02ca 1D030000 		.4byte	0x31d
 384 02ce 0B       		.uleb128 0xb
 385 02cf 5A020000 		.4byte	.LASF32
 386 02d3 06       		.byte	0x6
 387 02d4 5F01     		.2byte	0x15f
 388 02d6 86020000 		.4byte	0x286
 389 02da 00       		.byte	0
 390 02db 0B       		.uleb128 0xb
 391 02dc A8030000 		.4byte	.LASF33
 392 02e0 06       		.byte	0x6
 393 02e1 6001     		.2byte	0x160
 394 02e3 24010000 		.4byte	0x124
 395 02e7 08       		.byte	0x8
 396 02e8 0A       		.uleb128 0xa
 397 02e9 63747800 		.ascii	"ctx\000"
 398 02ed 06       		.byte	0x6
 399 02ee 6201     		.2byte	0x162
ARM GAS  /tmp/ccK7s75j.s 			page 8


 400 02f0 F8040000 		.4byte	0x4f8
 401 02f4 0C       		.byte	0xc
 402 02f5 0B       		.uleb128 0xb
 403 02f6 1E030000 		.4byte	.LASF34
 404 02fa 06       		.byte	0x6
 405 02fb 6501     		.2byte	0x165
 406 02fd 5C020000 		.4byte	0x25c
 407 0301 10       		.byte	0x10
 408 0302 0B       		.uleb128 0xb
 409 0303 6B060000 		.4byte	.LASF35
 410 0307 06       		.byte	0x6
 411 0308 6601     		.2byte	0x166
 412 030a 5C020000 		.4byte	0x25c
 413 030e 14       		.byte	0x14
 414 030f 0B       		.uleb128 0xb
 415 0310 B6030000 		.4byte	.LASF58
 416 0314 06       		.byte	0x6
 417 0315 6901     		.2byte	0x169
 418 0317 5C020000 		.4byte	0x25c
 419 031b 18       		.byte	0x18
 420 031c 00       		.byte	0
 421 031d 03       		.uleb128 0x3
 422 031e A8060000 		.4byte	.LASF59
 423 0322 05       		.byte	0x5
 424 0323 51       		.byte	0x51
 425 0324 28030000 		.4byte	0x328
 426 0328 0C       		.uleb128 0xc
 427 0329 04       		.byte	0x4
 428 032a 2E030000 		.4byte	0x32e
 429 032e 0E       		.uleb128 0xe
 430 032f 39030000 		.4byte	0x339
 431 0333 0F       		.uleb128 0xf
 432 0334 39030000 		.4byte	0x339
 433 0338 00       		.byte	0
 434 0339 10       		.uleb128 0x10
 435 033a 04       		.byte	0x4
 436 033b 03       		.uleb128 0x3
 437 033c F6030000 		.4byte	.LASF60
 438 0340 05       		.byte	0x5
 439 0341 56       		.byte	0x56
 440 0342 46030000 		.4byte	0x346
 441 0346 0D       		.uleb128 0xd
 442 0347 E5050000 		.4byte	.LASF61
 443 034b 14       		.byte	0x14
 444 034c 06       		.byte	0x6
 445 034d 3901     		.2byte	0x139
 446 034f 95030000 		.4byte	0x395
 447 0353 0B       		.uleb128 0xb
 448 0354 01010000 		.4byte	.LASF52
 449 0358 06       		.byte	0x6
 450 0359 3A01     		.2byte	0x13a
 451 035b 07080000 		.4byte	0x807
 452 035f 00       		.byte	0
 453 0360 0B       		.uleb128 0xb
 454 0361 41000000 		.4byte	.LASF55
 455 0365 06       		.byte	0x6
 456 0366 3B01     		.2byte	0x13b
ARM GAS  /tmp/ccK7s75j.s 			page 9


 457 0368 07080000 		.4byte	0x807
 458 036c 04       		.byte	0x4
 459 036d 0B       		.uleb128 0xb
 460 036e 14000000 		.4byte	.LASF62
 461 0372 06       		.byte	0x6
 462 0373 3C01     		.2byte	0x13c
 463 0375 79040000 		.4byte	0x479
 464 0379 08       		.byte	0x8
 465 037a 0B       		.uleb128 0xb
 466 037b 7F010000 		.4byte	.LASF63
 467 037f 06       		.byte	0x6
 468 0380 3D01     		.2byte	0x13d
 469 0382 1D030000 		.4byte	0x31d
 470 0386 0C       		.byte	0xc
 471 0387 0A       		.uleb128 0xa
 472 0388 70617200 		.ascii	"par\000"
 473 038c 06       		.byte	0x6
 474 038d 3F01     		.2byte	0x13f
 475 038f 39030000 		.4byte	0x339
 476 0393 10       		.byte	0x10
 477 0394 00       		.byte	0
 478 0395 03       		.uleb128 0x3
 479 0396 D0000000 		.4byte	.LASF64
 480 039a 05       		.byte	0x5
 481 039b 5B       		.byte	0x5b
 482 039c A0030000 		.4byte	0x3a0
 483 03a0 0D       		.uleb128 0xd
 484 03a1 51030000 		.4byte	.LASF65
 485 03a5 10       		.byte	0x10
 486 03a6 06       		.byte	0x6
 487 03a7 4901     		.2byte	0x149
 488 03a9 E2030000 		.4byte	0x3e2
 489 03ad 0B       		.uleb128 0xb
 490 03ae 01010000 		.4byte	.LASF52
 491 03b2 06       		.byte	0x6
 492 03b3 4A01     		.2byte	0x14a
 493 03b5 07080000 		.4byte	0x807
 494 03b9 00       		.byte	0
 495 03ba 0B       		.uleb128 0xb
 496 03bb 41000000 		.4byte	.LASF55
 497 03bf 06       		.byte	0x6
 498 03c0 4C01     		.2byte	0x14c
 499 03c2 07080000 		.4byte	0x807
 500 03c6 04       		.byte	0x4
 501 03c7 0B       		.uleb128 0xb
 502 03c8 14000000 		.4byte	.LASF62
 503 03cc 06       		.byte	0x6
 504 03cd 4E01     		.2byte	0x14e
 505 03cf 79040000 		.4byte	0x479
 506 03d3 08       		.byte	0x8
 507 03d4 0B       		.uleb128 0xb
 508 03d5 81050000 		.4byte	.LASF66
 509 03d9 06       		.byte	0x6
 510 03da 5601     		.2byte	0x156
 511 03dc 6E040000 		.4byte	0x46e
 512 03e0 0C       		.byte	0xc
 513 03e1 00       		.byte	0
ARM GAS  /tmp/ccK7s75j.s 			page 10


 514 03e2 03       		.uleb128 0x3
 515 03e3 63000000 		.4byte	.LASF67
 516 03e7 05       		.byte	0x5
 517 03e8 60       		.byte	0x60
 518 03e9 ED030000 		.4byte	0x3ed
 519 03ed 0D       		.uleb128 0xd
 520 03ee BD010000 		.4byte	.LASF68
 521 03f2 04       		.byte	0x4
 522 03f3 06       		.byte	0x6
 523 03f4 7001     		.2byte	0x170
 524 03f6 08040000 		.4byte	0x408
 525 03fa 0B       		.uleb128 0xb
 526 03fb B1060000 		.4byte	.LASF69
 527 03ff 06       		.byte	0x6
 528 0400 7801     		.2byte	0x178
 529 0402 F0070000 		.4byte	0x7f0
 530 0406 00       		.byte	0
 531 0407 00       		.byte	0
 532 0408 03       		.uleb128 0x3
 533 0409 B3020000 		.4byte	.LASF70
 534 040d 05       		.byte	0x5
 535 040e 65       		.byte	0x65
 536 040f 13040000 		.4byte	0x413
 537 0413 0D       		.uleb128 0xd
 538 0414 91050000 		.4byte	.LASF71
 539 0418 D0       		.byte	0xd0
 540 0419 06       		.byte	0x6
 541 041a 9001     		.2byte	0x190
 542 041c 6E040000 		.4byte	0x46e
 543 0420 0B       		.uleb128 0xb
 544 0421 2E010000 		.4byte	.LASF72
 545 0425 06       		.byte	0x6
 546 0426 9401     		.2byte	0x194
 547 0428 B6020000 		.4byte	0x2b6
 548 042c 00       		.byte	0
 549 042d 0B       		.uleb128 0xb
 550 042e 34010000 		.4byte	.LASF73
 551 0432 06       		.byte	0x6
 552 0433 9801     		.2byte	0x198
 553 0435 95030000 		.4byte	0x395
 554 0439 1C       		.byte	0x1c
 555 043a 0A       		.uleb128 0xa
 556 043b 64626700 		.ascii	"dbg\000"
 557 043f 06       		.byte	0x6
 558 0440 9C01     		.2byte	0x19c
 559 0442 E2030000 		.4byte	0x3e2
 560 0446 2C       		.byte	0x2c
 561 0447 0B       		.uleb128 0xb
 562 0448 BD000000 		.4byte	.LASF74
 563 044c 06       		.byte	0x6
 564 044d A001     		.2byte	0x1a0
 565 044f 5B010000 		.4byte	0x15b
 566 0453 30       		.byte	0x30
 567 0454 0A       		.uleb128 0xa
 568 0455 746D00   		.ascii	"tm\000"
 569 0458 06       		.byte	0x6
 570 0459 A501     		.2byte	0x1a5
ARM GAS  /tmp/ccK7s75j.s 			page 11


 571 045b 77060000 		.4byte	0x677
 572 045f 90       		.byte	0x90
 573 0460 0B       		.uleb128 0xb
 574 0461 2A000000 		.4byte	.LASF75
 575 0465 06       		.byte	0x6
 576 0466 AB01     		.2byte	0x1ab
 577 0468 09070000 		.4byte	0x709
 578 046c 98       		.byte	0x98
 579 046d 00       		.byte	0
 580 046e 03       		.uleb128 0x3
 581 046f 9E060000 		.4byte	.LASF76
 582 0473 07       		.byte	0x7
 583 0474 6D       		.byte	0x6d
 584 0475 D7000000 		.4byte	0xd7
 585 0479 03       		.uleb128 0x3
 586 047a F6010000 		.4byte	.LASF77
 587 047e 07       		.byte	0x7
 588 047f 79       		.byte	0x79
 589 0480 D7000000 		.4byte	0xd7
 590 0484 04       		.uleb128 0x4
 591 0485 04       		.byte	0x4
 592 0486 07       		.byte	0x7
 593 0487 35030000 		.4byte	.LASF78
 594 048b 11       		.uleb128 0x11
 595 048c E6000000 		.4byte	.LASF79
 596 0490 08       		.byte	0x8
 597 0491 220A     		.2byte	0xa22
 598 0493 D2000000 		.4byte	0xd2
 599 0497 12       		.uleb128 0x12
 600 0498 20020000 		.4byte	.LASF80
 601 049c 09       		.byte	0x9
 602 049d 4C       		.byte	0x4c
 603 049e D7000000 		.4byte	0xd7
 604 04a2 13       		.uleb128 0x13
 605 04a3 B7000000 		.4byte	0xb7
 606 04a7 B2040000 		.4byte	0x4b2
 607 04ab 14       		.uleb128 0x14
 608 04ac 84040000 		.4byte	0x484
 609 04b0 0F       		.byte	0xf
 610 04b1 00       		.byte	0
 611 04b2 05       		.uleb128 0x5
 612 04b3 A2040000 		.4byte	0x4a2
 613 04b7 12       		.uleb128 0x12
 614 04b8 F4020000 		.4byte	.LASF81
 615 04bc 09       		.byte	0x9
 616 04bd 4E       		.byte	0x4e
 617 04be B2040000 		.4byte	0x4b2
 618 04c2 13       		.uleb128 0x13
 619 04c3 B7000000 		.4byte	0xb7
 620 04c7 D2040000 		.4byte	0x4d2
 621 04cb 14       		.uleb128 0x14
 622 04cc 84040000 		.4byte	0x484
 623 04d0 07       		.byte	0x7
 624 04d1 00       		.byte	0
 625 04d2 05       		.uleb128 0x5
 626 04d3 C2040000 		.4byte	0x4c2
 627 04d7 12       		.uleb128 0x12
ARM GAS  /tmp/ccK7s75j.s 			page 12


 628 04d8 D5010000 		.4byte	.LASF82
 629 04dc 09       		.byte	0x9
 630 04dd 4F       		.byte	0x4f
 631 04de D2040000 		.4byte	0x4d2
 632 04e2 03       		.uleb128 0x3
 633 04e3 AB010000 		.4byte	.LASF83
 634 04e7 0A       		.byte	0xa
 635 04e8 65       		.byte	0x65
 636 04e9 39030000 		.4byte	0x339
 637 04ed 03       		.uleb128 0x3
 638 04ee 13030000 		.4byte	.LASF84
 639 04f2 0A       		.byte	0xa
 640 04f3 6D       		.byte	0x6d
 641 04f4 E2000000 		.4byte	0xe2
 642 04f8 07       		.uleb128 0x7
 643 04f9 8A030000 		.4byte	.LASF85
 644 04fd 04       		.byte	0x4
 645 04fe 0A       		.byte	0xa
 646 04ff 89       		.byte	0x89
 647 0500 10050000 		.4byte	0x510
 648 0504 09       		.uleb128 0x9
 649 0505 737000   		.ascii	"sp\000"
 650 0508 0A       		.byte	0xa
 651 0509 8A       		.byte	0x8a
 652 050a 5C060000 		.4byte	0x65c
 653 050e 00       		.byte	0
 654 050f 00       		.byte	0
 655 0510 0D       		.uleb128 0xd
 656 0511 46000000 		.4byte	.LASF86
 657 0515 64       		.byte	0x64
 658 0516 0B       		.byte	0xb
 659 0517 5901     		.2byte	0x159
 660 0519 5C060000 		.4byte	0x65c
 661 051d 0A       		.uleb128 0xa
 662 051e 73313600 		.ascii	"s16\000"
 663 0522 0B       		.byte	0xb
 664 0523 5B01     		.2byte	0x15b
 665 0525 E2040000 		.4byte	0x4e2
 666 0529 00       		.byte	0
 667 052a 0A       		.uleb128 0xa
 668 052b 73313700 		.ascii	"s17\000"
 669 052f 0B       		.byte	0xb
 670 0530 5C01     		.2byte	0x15c
 671 0532 E2040000 		.4byte	0x4e2
 672 0536 04       		.byte	0x4
 673 0537 0A       		.uleb128 0xa
 674 0538 73313800 		.ascii	"s18\000"
 675 053c 0B       		.byte	0xb
 676 053d 5D01     		.2byte	0x15d
 677 053f E2040000 		.4byte	0x4e2
 678 0543 08       		.byte	0x8
 679 0544 0A       		.uleb128 0xa
 680 0545 73313900 		.ascii	"s19\000"
 681 0549 0B       		.byte	0xb
 682 054a 5E01     		.2byte	0x15e
 683 054c E2040000 		.4byte	0x4e2
 684 0550 0C       		.byte	0xc
ARM GAS  /tmp/ccK7s75j.s 			page 13


 685 0551 0A       		.uleb128 0xa
 686 0552 73323000 		.ascii	"s20\000"
 687 0556 0B       		.byte	0xb
 688 0557 5F01     		.2byte	0x15f
 689 0559 E2040000 		.4byte	0x4e2
 690 055d 10       		.byte	0x10
 691 055e 0A       		.uleb128 0xa
 692 055f 73323100 		.ascii	"s21\000"
 693 0563 0B       		.byte	0xb
 694 0564 6001     		.2byte	0x160
 695 0566 E2040000 		.4byte	0x4e2
 696 056a 14       		.byte	0x14
 697 056b 0A       		.uleb128 0xa
 698 056c 73323200 		.ascii	"s22\000"
 699 0570 0B       		.byte	0xb
 700 0571 6101     		.2byte	0x161
 701 0573 E2040000 		.4byte	0x4e2
 702 0577 18       		.byte	0x18
 703 0578 0A       		.uleb128 0xa
 704 0579 73323300 		.ascii	"s23\000"
 705 057d 0B       		.byte	0xb
 706 057e 6201     		.2byte	0x162
 707 0580 E2040000 		.4byte	0x4e2
 708 0584 1C       		.byte	0x1c
 709 0585 0A       		.uleb128 0xa
 710 0586 73323400 		.ascii	"s24\000"
 711 058a 0B       		.byte	0xb
 712 058b 6301     		.2byte	0x163
 713 058d E2040000 		.4byte	0x4e2
 714 0591 20       		.byte	0x20
 715 0592 0A       		.uleb128 0xa
 716 0593 73323500 		.ascii	"s25\000"
 717 0597 0B       		.byte	0xb
 718 0598 6401     		.2byte	0x164
 719 059a E2040000 		.4byte	0x4e2
 720 059e 24       		.byte	0x24
 721 059f 0A       		.uleb128 0xa
 722 05a0 73323600 		.ascii	"s26\000"
 723 05a4 0B       		.byte	0xb
 724 05a5 6501     		.2byte	0x165
 725 05a7 E2040000 		.4byte	0x4e2
 726 05ab 28       		.byte	0x28
 727 05ac 0A       		.uleb128 0xa
 728 05ad 73323700 		.ascii	"s27\000"
 729 05b1 0B       		.byte	0xb
 730 05b2 6601     		.2byte	0x166
 731 05b4 E2040000 		.4byte	0x4e2
 732 05b8 2C       		.byte	0x2c
 733 05b9 0A       		.uleb128 0xa
 734 05ba 73323800 		.ascii	"s28\000"
 735 05be 0B       		.byte	0xb
 736 05bf 6701     		.2byte	0x167
 737 05c1 E2040000 		.4byte	0x4e2
 738 05c5 30       		.byte	0x30
 739 05c6 0A       		.uleb128 0xa
 740 05c7 73323900 		.ascii	"s29\000"
 741 05cb 0B       		.byte	0xb
ARM GAS  /tmp/ccK7s75j.s 			page 14


 742 05cc 6801     		.2byte	0x168
 743 05ce E2040000 		.4byte	0x4e2
 744 05d2 34       		.byte	0x34
 745 05d3 0A       		.uleb128 0xa
 746 05d4 73333000 		.ascii	"s30\000"
 747 05d8 0B       		.byte	0xb
 748 05d9 6901     		.2byte	0x169
 749 05db E2040000 		.4byte	0x4e2
 750 05df 38       		.byte	0x38
 751 05e0 0A       		.uleb128 0xa
 752 05e1 73333100 		.ascii	"s31\000"
 753 05e5 0B       		.byte	0xb
 754 05e6 6A01     		.2byte	0x16a
 755 05e8 E2040000 		.4byte	0x4e2
 756 05ec 3C       		.byte	0x3c
 757 05ed 0A       		.uleb128 0xa
 758 05ee 723400   		.ascii	"r4\000"
 759 05f1 0B       		.byte	0xb
 760 05f2 6C01     		.2byte	0x16c
 761 05f4 E2040000 		.4byte	0x4e2
 762 05f8 40       		.byte	0x40
 763 05f9 0A       		.uleb128 0xa
 764 05fa 723500   		.ascii	"r5\000"
 765 05fd 0B       		.byte	0xb
 766 05fe 6D01     		.2byte	0x16d
 767 0600 E2040000 		.4byte	0x4e2
 768 0604 44       		.byte	0x44
 769 0605 0A       		.uleb128 0xa
 770 0606 723600   		.ascii	"r6\000"
 771 0609 0B       		.byte	0xb
 772 060a 6E01     		.2byte	0x16e
 773 060c E2040000 		.4byte	0x4e2
 774 0610 48       		.byte	0x48
 775 0611 0A       		.uleb128 0xa
 776 0612 723700   		.ascii	"r7\000"
 777 0615 0B       		.byte	0xb
 778 0616 6F01     		.2byte	0x16f
 779 0618 E2040000 		.4byte	0x4e2
 780 061c 4C       		.byte	0x4c
 781 061d 0A       		.uleb128 0xa
 782 061e 723800   		.ascii	"r8\000"
 783 0621 0B       		.byte	0xb
 784 0622 7001     		.2byte	0x170
 785 0624 E2040000 		.4byte	0x4e2
 786 0628 50       		.byte	0x50
 787 0629 0A       		.uleb128 0xa
 788 062a 723900   		.ascii	"r9\000"
 789 062d 0B       		.byte	0xb
 790 062e 7101     		.2byte	0x171
 791 0630 E2040000 		.4byte	0x4e2
 792 0634 54       		.byte	0x54
 793 0635 0A       		.uleb128 0xa
 794 0636 72313000 		.ascii	"r10\000"
 795 063a 0B       		.byte	0xb
 796 063b 7201     		.2byte	0x172
 797 063d E2040000 		.4byte	0x4e2
 798 0641 58       		.byte	0x58
ARM GAS  /tmp/ccK7s75j.s 			page 15


 799 0642 0A       		.uleb128 0xa
 800 0643 72313100 		.ascii	"r11\000"
 801 0647 0B       		.byte	0xb
 802 0648 7301     		.2byte	0x173
 803 064a E2040000 		.4byte	0x4e2
 804 064e 5C       		.byte	0x5c
 805 064f 0A       		.uleb128 0xa
 806 0650 6C7200   		.ascii	"lr\000"
 807 0653 0B       		.byte	0xb
 808 0654 7401     		.2byte	0x174
 809 0656 E2040000 		.4byte	0x4e2
 810 065a 60       		.byte	0x60
 811 065b 00       		.byte	0
 812 065c 0C       		.uleb128 0xc
 813 065d 04       		.byte	0x4
 814 065e 10050000 		.4byte	0x510
 815 0662 15       		.uleb128 0x15
 816 0663 04       		.byte	0x4
 817 0664 0C       		.byte	0xc
 818 0665 38       		.byte	0x38
 819 0666 77060000 		.4byte	0x677
 820 066a 08       		.uleb128 0x8
 821 066b BB060000 		.4byte	.LASF87
 822 066f 0C       		.byte	0xc
 823 0670 3C       		.byte	0x3c
 824 0671 ED000000 		.4byte	0xed
 825 0675 00       		.byte	0
 826 0676 00       		.byte	0
 827 0677 03       		.uleb128 0x3
 828 0678 97030000 		.4byte	.LASF88
 829 067c 0C       		.byte	0xc
 830 067d 3D       		.byte	0x3d
 831 067e 62060000 		.4byte	0x662
 832 0682 15       		.uleb128 0x15
 833 0683 18       		.byte	0x18
 834 0684 0C       		.byte	0xc
 835 0685 48       		.byte	0x48
 836 0686 C5060000 		.4byte	0x6c5
 837 068a 08       		.uleb128 0x8
 838 068b 8E060000 		.4byte	.LASF89
 839 068f 0C       		.byte	0xc
 840 0690 49       		.byte	0x49
 841 0691 ED000000 		.4byte	0xed
 842 0695 00       		.byte	0
 843 0696 08       		.uleb128 0x8
 844 0697 84000000 		.4byte	.LASF90
 845 069b 0C       		.byte	0xc
 846 069c 4A       		.byte	0x4a
 847 069d ED000000 		.4byte	0xed
 848 06a1 04       		.byte	0x4
 849 06a2 08       		.uleb128 0x8
 850 06a3 93020000 		.4byte	.LASF91
 851 06a7 0C       		.byte	0xc
 852 06a8 4B       		.byte	0x4b
 853 06a9 ED000000 		.4byte	0xed
 854 06ad 08       		.byte	0x8
 855 06ae 09       		.uleb128 0x9
ARM GAS  /tmp/ccK7s75j.s 			page 16


 856 06af 6E00     		.ascii	"n\000"
 857 06b1 0C       		.byte	0xc
 858 06b2 4C       		.byte	0x4c
 859 06b3 50010000 		.4byte	0x150
 860 06b7 0C       		.byte	0xc
 861 06b8 08       		.uleb128 0x8
 862 06b9 D3030000 		.4byte	.LASF92
 863 06bd 0C       		.byte	0xc
 864 06be 4D       		.byte	0x4d
 865 06bf F8000000 		.4byte	0xf8
 866 06c3 10       		.byte	0x10
 867 06c4 00       		.byte	0
 868 06c5 03       		.uleb128 0x3
 869 06c6 8A000000 		.4byte	.LASF93
 870 06ca 0C       		.byte	0xc
 871 06cb 4E       		.byte	0x4e
 872 06cc 82060000 		.4byte	0x682
 873 06d0 15       		.uleb128 0x15
 874 06d1 38       		.byte	0x38
 875 06d2 0D       		.byte	0xd
 876 06d3 38       		.byte	0x38
 877 06d4 09070000 		.4byte	0x709
 878 06d8 08       		.uleb128 0x8
 879 06d9 54020000 		.4byte	.LASF94
 880 06dd 0D       		.byte	0xd
 881 06de 39       		.byte	0x39
 882 06df 50010000 		.4byte	0x150
 883 06e3 00       		.byte	0
 884 06e4 08       		.uleb128 0x8
 885 06e5 3C050000 		.4byte	.LASF95
 886 06e9 0D       		.byte	0xd
 887 06ea 3A       		.byte	0x3a
 888 06eb 50010000 		.4byte	0x150
 889 06ef 04       		.byte	0x4
 890 06f0 08       		.uleb128 0x8
 891 06f1 B0070000 		.4byte	.LASF96
 892 06f5 0D       		.byte	0xd
 893 06f6 3B       		.byte	0x3b
 894 06f7 C5060000 		.4byte	0x6c5
 895 06fb 08       		.byte	0x8
 896 06fc 08       		.uleb128 0x8
 897 06fd CF020000 		.4byte	.LASF97
 898 0701 0D       		.byte	0xd
 899 0702 3D       		.byte	0x3d
 900 0703 C5060000 		.4byte	0x6c5
 901 0707 20       		.byte	0x20
 902 0708 00       		.byte	0
 903 0709 03       		.uleb128 0x3
 904 070a 6F020000 		.4byte	.LASF98
 905 070e 0D       		.byte	0xd
 906 070f 3F       		.byte	0x3f
 907 0710 D0060000 		.4byte	0x6d0
 908 0714 16       		.uleb128 0x16
 909 0715 04       		.byte	0x4
 910 0716 06       		.byte	0x6
 911 0717 C6       		.byte	0xc6
 912 0718 76070000 		.4byte	0x776
ARM GAS  /tmp/ccK7s75j.s 			page 17


 913 071c 17       		.uleb128 0x17
 914 071d 1A000000 		.4byte	.LASF99
 915 0721 06       		.byte	0x6
 916 0722 CD       		.byte	0xcd
 917 0723 2F010000 		.4byte	0x12f
 918 0727 17       		.uleb128 0x17
 919 0728 B4000000 		.4byte	.LASF100
 920 072c 06       		.byte	0x6
 921 072d D4       		.byte	0xd4
 922 072e 2F010000 		.4byte	0x12f
 923 0732 17       		.uleb128 0x17
 924 0733 6C070000 		.4byte	.LASF101
 925 0737 06       		.byte	0x6
 926 0738 DB       		.byte	0xdb
 927 0739 39030000 		.4byte	0x339
 928 073d 17       		.uleb128 0x17
 929 073e 37020000 		.4byte	.LASF102
 930 0742 06       		.byte	0x6
 931 0743 E2       		.byte	0xe2
 932 0744 76070000 		.4byte	0x776
 933 0748 17       		.uleb128 0x17
 934 0749 C8000000 		.4byte	.LASF103
 935 074d 06       		.byte	0x6
 936 074e E7       		.byte	0xe7
 937 074f 2F010000 		.4byte	0x12f
 938 0753 17       		.uleb128 0x17
 939 0754 30020000 		.4byte	.LASF104
 940 0758 06       		.byte	0x6
 941 0759 F0       		.byte	0xf0
 942 075a A1070000 		.4byte	0x7a1
 943 075e 17       		.uleb128 0x17
 944 075f 30060000 		.4byte	.LASF105
 945 0763 06       		.byte	0x6
 946 0764 F9       		.byte	0xf9
 947 0765 E4070000 		.4byte	0x7e4
 948 0769 18       		.uleb128 0x18
 949 076a 8A050000 		.4byte	.LASF106
 950 076e 06       		.byte	0x6
 951 076f 0101     		.2byte	0x101
 952 0771 3A010000 		.4byte	0x13a
 953 0775 00       		.byte	0
 954 0776 0C       		.uleb128 0xc
 955 0777 04       		.byte	0x4
 956 0778 51020000 		.4byte	0x251
 957 077c 07       		.uleb128 0x7
 958 077d F6050000 		.4byte	.LASF107
 959 0781 0C       		.byte	0xc
 960 0782 0E       		.byte	0xe
 961 0783 34       		.byte	0x34
 962 0784 A1070000 		.4byte	0x7a1
 963 0788 08       		.uleb128 0x8
 964 0789 5A020000 		.4byte	.LASF32
 965 078d 0E       		.byte	0xe
 966 078e 35       		.byte	0x35
 967 078f 86020000 		.4byte	0x286
 968 0793 00       		.byte	0
 969 0794 09       		.uleb128 0x9
ARM GAS  /tmp/ccK7s75j.s 			page 18


 970 0795 636E7400 		.ascii	"cnt\000"
 971 0799 0E       		.byte	0xe
 972 079a 37       		.byte	0x37
 973 079b 45010000 		.4byte	0x145
 974 079f 08       		.byte	0x8
 975 07a0 00       		.byte	0
 976 07a1 0C       		.uleb128 0xc
 977 07a2 04       		.byte	0x4
 978 07a3 7C070000 		.4byte	0x77c
 979 07a7 07       		.uleb128 0x7
 980 07a8 C2060000 		.4byte	.LASF108
 981 07ac 14       		.byte	0x14
 982 07ad 0F       		.byte	0xf
 983 07ae 39       		.byte	0x39
 984 07af E4070000 		.4byte	0x7e4
 985 07b3 08       		.uleb128 0x8
 986 07b4 5A020000 		.4byte	.LASF32
 987 07b8 0F       		.byte	0xf
 988 07b9 3A       		.byte	0x3a
 989 07ba 86020000 		.4byte	0x286
 990 07be 00       		.byte	0
 991 07bf 08       		.uleb128 0x8
 992 07c0 47060000 		.4byte	.LASF109
 993 07c4 0F       		.byte	0xf
 994 07c5 3C       		.byte	0x3c
 995 07c6 5C020000 		.4byte	0x25c
 996 07ca 08       		.byte	0x8
 997 07cb 08       		.uleb128 0x8
 998 07cc 01010000 		.4byte	.LASF52
 999 07d0 0F       		.byte	0xf
 1000 07d1 3E       		.byte	0x3e
 1001 07d2 46090000 		.4byte	0x946
 1002 07d6 0C       		.byte	0xc
 1003 07d7 09       		.uleb128 0x9
 1004 07d8 636E7400 		.ascii	"cnt\000"
 1005 07dc 0F       		.byte	0xf
 1006 07dd 41       		.byte	0x41
 1007 07de 45010000 		.4byte	0x145
 1008 07e2 10       		.byte	0x10
 1009 07e3 00       		.byte	0
 1010 07e4 0C       		.uleb128 0xc
 1011 07e5 04       		.byte	0x4
 1012 07e6 A7070000 		.4byte	0x7a7
 1013 07ea 0C       		.uleb128 0xc
 1014 07eb 04       		.byte	0x4
 1015 07ec FC070000 		.4byte	0x7fc
 1016 07f0 06       		.uleb128 0x6
 1017 07f1 EA070000 		.4byte	0x7ea
 1018 07f5 04       		.uleb128 0x4
 1019 07f6 01       		.byte	0x1
 1020 07f7 08       		.byte	0x8
 1021 07f8 66060000 		.4byte	.LASF110
 1022 07fc 05       		.uleb128 0x5
 1023 07fd F5070000 		.4byte	0x7f5
 1024 0801 0C       		.uleb128 0xc
 1025 0802 04       		.byte	0x4
 1026 0803 ED040000 		.4byte	0x4ed
ARM GAS  /tmp/ccK7s75j.s 			page 19


 1027 0807 0C       		.uleb128 0xc
 1028 0808 04       		.byte	0x4
 1029 0809 3B030000 		.4byte	0x33b
 1030 080d 19       		.uleb128 0x19
 1031 080e 636800   		.ascii	"ch\000"
 1032 0811 06       		.byte	0x6
 1033 0812 C701     		.2byte	0x1c7
 1034 0814 08040000 		.4byte	0x408
 1035 0818 13       		.uleb128 0x13
 1036 0819 ED040000 		.4byte	0x4ed
 1037 081d 23080000 		.4byte	0x823
 1038 0821 1A       		.uleb128 0x1a
 1039 0822 00       		.byte	0
 1040 0823 11       		.uleb128 0x11
 1041 0824 0C060000 		.4byte	.LASF111
 1042 0828 10       		.byte	0x10
 1043 0829 1701     		.2byte	0x117
 1044 082b 18080000 		.4byte	0x818
 1045 082f 15       		.uleb128 0x15
 1046 0830 16       		.byte	0x16
 1047 0831 11       		.byte	0x11
 1048 0832 34       		.byte	0x34
 1049 0833 10090000 		.4byte	0x910
 1050 0837 08       		.uleb128 0x8
 1051 0838 E8060000 		.4byte	.LASF112
 1052 083c 11       		.byte	0x11
 1053 083d 35       		.byte	0x35
 1054 083e 10090000 		.4byte	0x910
 1055 0842 00       		.byte	0
 1056 0843 08       		.uleb128 0x8
 1057 0844 E3010000 		.4byte	.LASF113
 1058 0848 11       		.byte	0x11
 1059 0849 36       		.byte	0x36
 1060 084a AC000000 		.4byte	0xac
 1061 084e 04       		.byte	0x4
 1062 084f 08       		.uleb128 0x8
 1063 0850 29010000 		.4byte	.LASF114
 1064 0854 11       		.byte	0x11
 1065 0855 37       		.byte	0x37
 1066 0856 AC000000 		.4byte	0xac
 1067 085a 05       		.byte	0x5
 1068 085b 08       		.uleb128 0x8
 1069 085c 2D030000 		.4byte	.LASF115
 1070 0860 11       		.byte	0x11
 1071 0861 38       		.byte	0x38
 1072 0862 BC000000 		.4byte	0xbc
 1073 0866 06       		.byte	0x6
 1074 0867 08       		.uleb128 0x8
 1075 0868 14070000 		.4byte	.LASF116
 1076 086c 11       		.byte	0x11
 1077 086d 39       		.byte	0x39
 1078 086e AC000000 		.4byte	0xac
 1079 0872 08       		.byte	0x8
 1080 0873 08       		.uleb128 0x8
 1081 0874 1E060000 		.4byte	.LASF117
 1082 0878 11       		.byte	0x11
 1083 0879 3A       		.byte	0x3a
ARM GAS  /tmp/ccK7s75j.s 			page 20


 1084 087a AC000000 		.4byte	0xac
 1085 087e 09       		.byte	0x9
 1086 087f 08       		.uleb128 0x8
 1087 0880 E6030000 		.4byte	.LASF118
 1088 0884 11       		.byte	0x11
 1089 0885 3B       		.byte	0x3b
 1090 0886 AC000000 		.4byte	0xac
 1091 088a 0A       		.byte	0xa
 1092 088b 08       		.uleb128 0x8
 1093 088c 61050000 		.4byte	.LASF119
 1094 0890 11       		.byte	0x11
 1095 0891 3C       		.byte	0x3c
 1096 0892 AC000000 		.4byte	0xac
 1097 0896 0B       		.byte	0xb
 1098 0897 08       		.uleb128 0x8
 1099 0898 BF020000 		.4byte	.LASF120
 1100 089c 11       		.byte	0x11
 1101 089d 3D       		.byte	0x3d
 1102 089e AC000000 		.4byte	0xac
 1103 08a2 0C       		.byte	0xc
 1104 08a3 08       		.uleb128 0x8
 1105 08a4 80030000 		.4byte	.LASF121
 1106 08a8 11       		.byte	0x11
 1107 08a9 3E       		.byte	0x3e
 1108 08aa AC000000 		.4byte	0xac
 1109 08ae 0D       		.byte	0xd
 1110 08af 08       		.uleb128 0x8
 1111 08b0 CB060000 		.4byte	.LASF122
 1112 08b4 11       		.byte	0x11
 1113 08b5 3F       		.byte	0x3f
 1114 08b6 AC000000 		.4byte	0xac
 1115 08ba 0E       		.byte	0xe
 1116 08bb 08       		.uleb128 0x8
 1117 08bc 4B070000 		.4byte	.LASF123
 1118 08c0 11       		.byte	0x11
 1119 08c1 40       		.byte	0x40
 1120 08c2 AC000000 		.4byte	0xac
 1121 08c6 0F       		.byte	0xf
 1122 08c7 08       		.uleb128 0x8
 1123 08c8 6A050000 		.4byte	.LASF124
 1124 08cc 11       		.byte	0x11
 1125 08cd 41       		.byte	0x41
 1126 08ce AC000000 		.4byte	0xac
 1127 08d2 10       		.byte	0x10
 1128 08d3 08       		.uleb128 0x8
 1129 08d4 82070000 		.4byte	.LASF125
 1130 08d8 11       		.byte	0x11
 1131 08d9 42       		.byte	0x42
 1132 08da AC000000 		.4byte	0xac
 1133 08de 11       		.byte	0x11
 1134 08df 08       		.uleb128 0x8
 1135 08e0 9E070000 		.4byte	.LASF126
 1136 08e4 11       		.byte	0x11
 1137 08e5 43       		.byte	0x43
 1138 08e6 AC000000 		.4byte	0xac
 1139 08ea 12       		.byte	0x12
 1140 08eb 08       		.uleb128 0x8
ARM GAS  /tmp/ccK7s75j.s 			page 21


 1141 08ec 66020000 		.4byte	.LASF127
 1142 08f0 11       		.byte	0x11
 1143 08f1 44       		.byte	0x44
 1144 08f2 AC000000 		.4byte	0xac
 1145 08f6 13       		.byte	0x13
 1146 08f7 08       		.uleb128 0x8
 1147 08f8 94010000 		.4byte	.LASF128
 1148 08fc 11       		.byte	0x11
 1149 08fd 45       		.byte	0x45
 1150 08fe AC000000 		.4byte	0xac
 1151 0902 14       		.byte	0x14
 1152 0903 08       		.uleb128 0x8
 1153 0904 03060000 		.4byte	.LASF129
 1154 0908 11       		.byte	0x11
 1155 0909 46       		.byte	0x46
 1156 090a AC000000 		.4byte	0xac
 1157 090e 15       		.byte	0x15
 1158 090f 00       		.byte	0
 1159 0910 13       		.uleb128 0x13
 1160 0911 F5070000 		.4byte	0x7f5
 1161 0915 20090000 		.4byte	0x920
 1162 0919 14       		.uleb128 0x14
 1163 091a 84040000 		.4byte	0x484
 1164 091e 03       		.byte	0x3
 1165 091f 00       		.byte	0
 1166 0920 03       		.uleb128 0x3
 1167 0921 8A010000 		.4byte	.LASF130
 1168 0925 11       		.byte	0x11
 1169 0926 47       		.byte	0x47
 1170 0927 2F080000 		.4byte	0x82f
 1171 092b 05       		.uleb128 0x5
 1172 092c 20090000 		.4byte	0x920
 1173 0930 12       		.uleb128 0x12
 1174 0931 3D020000 		.4byte	.LASF131
 1175 0935 11       		.byte	0x11
 1176 0936 6C       		.byte	0x6c
 1177 0937 2B090000 		.4byte	0x92b
 1178 093b 03       		.uleb128 0x3
 1179 093c E8010000 		.4byte	.LASF132
 1180 0940 0F       		.byte	0xf
 1181 0941 34       		.byte	0x34
 1182 0942 A7070000 		.4byte	0x7a7
 1183 0946 0C       		.uleb128 0xc
 1184 0947 04       		.byte	0x4
 1185 0948 3B090000 		.4byte	0x93b
 1186 094c 04       		.uleb128 0x4
 1187 094d 01       		.byte	0x1
 1188 094e 02       		.byte	0x2
 1189 094f 45050000 		.4byte	.LASF133
 1190 0953 03       		.uleb128 0x3
 1191 0954 FB060000 		.4byte	.LASF134
 1192 0958 12       		.byte	0x12
 1193 0959 47       		.byte	0x47
 1194 095a 5E090000 		.4byte	0x95e
 1195 095e 0C       		.uleb128 0xc
 1196 095f 04       		.byte	0x4
 1197 0960 64090000 		.4byte	0x964
ARM GAS  /tmp/ccK7s75j.s 			page 22


 1198 0964 1B       		.uleb128 0x1b
 1199 0965 39030000 		.4byte	0x339
 1200 0969 78090000 		.4byte	0x978
 1201 096d 0F       		.uleb128 0xf
 1202 096e 24000000 		.4byte	0x24
 1203 0972 0F       		.uleb128 0xf
 1204 0973 2F000000 		.4byte	0x2f
 1205 0977 00       		.byte	0
 1206 0978 15       		.uleb128 0x15
 1207 0979 08       		.byte	0x8
 1208 097a 12       		.byte	0x12
 1209 097b 51       		.byte	0x51
 1210 097c 99090000 		.4byte	0x999
 1211 0980 08       		.uleb128 0x8
 1212 0981 BB070000 		.4byte	.LASF135
 1213 0985 12       		.byte	0x12
 1214 0986 55       		.byte	0x55
 1215 0987 99090000 		.4byte	0x999
 1216 098b 00       		.byte	0
 1217 098c 08       		.uleb128 0x8
 1218 098d 02030000 		.4byte	.LASF136
 1219 0991 12       		.byte	0x12
 1220 0992 59       		.byte	0x59
 1221 0993 99090000 		.4byte	0x999
 1222 0997 04       		.byte	0x4
 1223 0998 00       		.byte	0
 1224 0999 0C       		.uleb128 0xc
 1225 099a 04       		.byte	0x4
 1226 099b AC000000 		.4byte	0xac
 1227 099f 03       		.uleb128 0x3
 1228 09a0 C9030000 		.4byte	.LASF137
 1229 09a4 12       		.byte	0x12
 1230 09a5 5A       		.byte	0x5a
 1231 09a6 78090000 		.4byte	0x978
 1232 09aa 12       		.uleb128 0x12
 1233 09ab 93060000 		.4byte	.LASF138
 1234 09af 12       		.byte	0x12
 1235 09b0 65       		.byte	0x65
 1236 09b1 9F090000 		.4byte	0x99f
 1237 09b5 07       		.uleb128 0x7
 1238 09b6 3F070000 		.4byte	.LASF139
 1239 09ba 04       		.byte	0x4
 1240 09bb 13       		.byte	0x13
 1241 09bc 38       		.byte	0x38
 1242 09bd CE090000 		.4byte	0x9ce
 1243 09c1 08       		.uleb128 0x8
 1244 09c2 01010000 		.4byte	.LASF52
 1245 09c6 13       		.byte	0x13
 1246 09c7 39       		.byte	0x39
 1247 09c8 CE090000 		.4byte	0x9ce
 1248 09cc 00       		.byte	0
 1249 09cd 00       		.byte	0
 1250 09ce 0C       		.uleb128 0xc
 1251 09cf 04       		.byte	0x4
 1252 09d0 B5090000 		.4byte	0x9b5
 1253 09d4 15       		.uleb128 0x15
 1254 09d5 10       		.byte	0x10
ARM GAS  /tmp/ccK7s75j.s 			page 23


 1255 09d6 13       		.byte	0x13
 1256 09d7 40       		.byte	0x40
 1257 09d8 0D0A0000 		.4byte	0xa0d
 1258 09dc 08       		.uleb128 0x8
 1259 09dd 01010000 		.4byte	.LASF52
 1260 09e1 13       		.byte	0x13
 1261 09e2 41       		.byte	0x41
 1262 09e3 CE090000 		.4byte	0x9ce
 1263 09e7 00       		.byte	0
 1264 09e8 08       		.uleb128 0x8
 1265 09e9 08070000 		.4byte	.LASF140
 1266 09ed 13       		.byte	0x13
 1267 09ee 42       		.byte	0x42
 1268 09ef 24000000 		.4byte	0x24
 1269 09f3 04       		.byte	0x4
 1270 09f4 08       		.uleb128 0x8
 1271 09f5 F0010000 		.4byte	.LASF141
 1272 09f9 13       		.byte	0x13
 1273 09fa 44       		.byte	0x44
 1274 09fb 2F000000 		.4byte	0x2f
 1275 09ff 08       		.byte	0x8
 1276 0a00 08       		.uleb128 0x8
 1277 0a01 72000000 		.4byte	.LASF142
 1278 0a05 13       		.byte	0x13
 1279 0a06 45       		.byte	0x45
 1280 0a07 53090000 		.4byte	0x953
 1281 0a0b 0C       		.byte	0xc
 1282 0a0c 00       		.byte	0
 1283 0a0d 03       		.uleb128 0x3
 1284 0a0e 46020000 		.4byte	.LASF143
 1285 0a12 13       		.byte	0x13
 1286 0a13 47       		.byte	0x47
 1287 0a14 D4090000 		.4byte	0x9d4
 1288 0a18 07       		.uleb128 0x7
 1289 0a19 06040000 		.4byte	.LASF144
 1290 0a1d 10       		.byte	0x10
 1291 0a1e 14       		.byte	0x14
 1292 0a1f A9       		.byte	0xa9
 1293 0a20 490A0000 		.4byte	0xa49
 1294 0a24 08       		.uleb128 0x8
 1295 0a25 01010000 		.4byte	.LASF52
 1296 0a29 14       		.byte	0x14
 1297 0a2a AD       		.byte	0xad
 1298 0a2b 490A0000 		.4byte	0xa49
 1299 0a2f 00       		.byte	0
 1300 0a30 08       		.uleb128 0x8
 1301 0a31 F1030000 		.4byte	.LASF40
 1302 0a35 14       		.byte	0x14
 1303 0a36 B1       		.byte	0xb1
 1304 0a37 50010000 		.4byte	0x150
 1305 0a3b 04       		.byte	0x4
 1306 0a3c 08       		.uleb128 0x8
 1307 0a3d 7E020000 		.4byte	.LASF36
 1308 0a41 14       		.byte	0x14
 1309 0a42 B3       		.byte	0xb3
 1310 0a43 4F0A0000 		.4byte	0xa4f
 1311 0a47 08       		.byte	0x8
ARM GAS  /tmp/ccK7s75j.s 			page 24


 1312 0a48 00       		.byte	0
 1313 0a49 0C       		.uleb128 0xc
 1314 0a4a 04       		.byte	0x4
 1315 0a4b 180A0000 		.4byte	0xa18
 1316 0a4f 13       		.uleb128 0x13
 1317 0a50 F5070000 		.4byte	0x7f5
 1318 0a54 5F0A0000 		.4byte	0xa5f
 1319 0a58 14       		.uleb128 0x14
 1320 0a59 84040000 		.4byte	0x484
 1321 0a5d 07       		.byte	0x7
 1322 0a5e 00       		.byte	0
 1323 0a5f 03       		.uleb128 0x3
 1324 0a60 F3000000 		.4byte	.LASF145
 1325 0a64 14       		.byte	0x14
 1326 0a65 B7       		.byte	0xb7
 1327 0a66 180A0000 		.4byte	0xa18
 1328 0a6a 07       		.uleb128 0x7
 1329 0a6b 74030000 		.4byte	.LASF146
 1330 0a6f 04       		.byte	0x4
 1331 0a70 14       		.byte	0x14
 1332 0a71 BC       		.byte	0xbc
 1333 0a72 830A0000 		.4byte	0xa83
 1334 0a76 08       		.uleb128 0x8
 1335 0a77 01010000 		.4byte	.LASF52
 1336 0a7b 14       		.byte	0x14
 1337 0a7c BD       		.byte	0xbd
 1338 0a7d 830A0000 		.4byte	0xa83
 1339 0a81 00       		.byte	0
 1340 0a82 00       		.byte	0
 1341 0a83 0C       		.uleb128 0xc
 1342 0a84 04       		.byte	0x4
 1343 0a85 5F0A0000 		.4byte	0xa5f
 1344 0a89 03       		.uleb128 0x3
 1345 0a8a A8020000 		.4byte	.LASF147
 1346 0a8e 14       		.byte	0x14
 1347 0a8f BE       		.byte	0xbe
 1348 0a90 6A0A0000 		.4byte	0xa6a
 1349 0a94 0D       		.uleb128 0xd
 1350 0a95 1C070000 		.4byte	.LASF148
 1351 0a99 48       		.byte	0x48
 1352 0a9a 14       		.byte	0x14
 1353 0a9b 3E01     		.2byte	0x13e
 1354 0a9d 0A0B0000 		.4byte	0xb0a
 1355 0aa1 0A       		.uleb128 0xa
 1356 0aa2 6D747800 		.ascii	"mtx\000"
 1357 0aa6 14       		.byte	0x14
 1358 0aa7 4301     		.2byte	0x143
 1359 0aa9 3B090000 		.4byte	0x93b
 1360 0aad 00       		.byte	0
 1361 0aae 0B       		.uleb128 0xb
 1362 0aaf 71060000 		.4byte	.LASF149
 1363 0ab3 14       		.byte	0x14
 1364 0ab4 4A01     		.2byte	0x14a
 1365 0ab6 890A0000 		.4byte	0xa89
 1366 0aba 14       		.byte	0x14
 1367 0abb 0B       		.uleb128 0xb
 1368 0abc DC050000 		.4byte	.LASF150
ARM GAS  /tmp/ccK7s75j.s 			page 25


 1369 0ac0 14       		.byte	0x14
 1370 0ac1 4E01     		.2byte	0x14e
 1371 0ac3 0D0A0000 		.4byte	0xa0d
 1372 0ac7 18       		.byte	0x18
 1373 0ac8 0B       		.uleb128 0xb
 1374 0ac9 33050000 		.4byte	.LASF151
 1375 0acd 14       		.byte	0x14
 1376 0ace 5301     		.2byte	0x153
 1377 0ad0 890A0000 		.4byte	0xa89
 1378 0ad4 28       		.byte	0x28
 1379 0ad5 0B       		.uleb128 0xb
 1380 0ad6 7B000000 		.4byte	.LASF152
 1381 0ada 14       		.byte	0x14
 1382 0adb 5901     		.2byte	0x159
 1383 0add 890A0000 		.4byte	0xa89
 1384 0ae1 2C       		.byte	0x2c
 1385 0ae2 0B       		.uleb128 0xb
 1386 0ae3 AD030000 		.4byte	.LASF153
 1387 0ae7 14       		.byte	0x14
 1388 0ae8 5D01     		.2byte	0x15d
 1389 0aea 0D0A0000 		.4byte	0xa0d
 1390 0aee 30       		.byte	0x30
 1391 0aef 0B       		.uleb128 0xb
 1392 0af0 B4010000 		.4byte	.LASF154
 1393 0af4 14       		.byte	0x14
 1394 0af5 6301     		.2byte	0x163
 1395 0af7 890A0000 		.4byte	0xa89
 1396 0afb 40       		.byte	0x40
 1397 0afc 0B       		.uleb128 0xb
 1398 0afd 62070000 		.4byte	.LASF155
 1399 0b01 14       		.byte	0x14
 1400 0b02 6901     		.2byte	0x169
 1401 0b04 890A0000 		.4byte	0xa89
 1402 0b08 44       		.byte	0x44
 1403 0b09 00       		.byte	0
 1404 0b0a 1C       		.uleb128 0x1c
 1405 0b0b 8C070000 		.4byte	.LASF156
 1406 0b0f 14       		.byte	0x14
 1407 0b10 7101     		.2byte	0x171
 1408 0b12 940A0000 		.4byte	0xa94
 1409 0b16 11       		.uleb128 0x11
 1410 0b17 9B050000 		.4byte	.LASF157
 1411 0b1b 14       		.byte	0x14
 1412 0b1c 7C01     		.2byte	0x17c
 1413 0b1e 0A0B0000 		.4byte	0xb0a
 1414 0b22 00       		.byte	0
 1415              		.section	.debug_abbrev,"",%progbits
 1416              	.Ldebug_abbrev0:
 1417 0000 01       		.uleb128 0x1
 1418 0001 11       		.uleb128 0x11
 1419 0002 01       		.byte	0x1
 1420 0003 25       		.uleb128 0x25
 1421 0004 0E       		.uleb128 0xe
 1422 0005 13       		.uleb128 0x13
 1423 0006 0B       		.uleb128 0xb
 1424 0007 03       		.uleb128 0x3
 1425 0008 0E       		.uleb128 0xe
ARM GAS  /tmp/ccK7s75j.s 			page 26


 1426 0009 1B       		.uleb128 0x1b
 1427 000a 0E       		.uleb128 0xe
 1428 000b 10       		.uleb128 0x10
 1429 000c 17       		.uleb128 0x17
 1430 000d 00       		.byte	0
 1431 000e 00       		.byte	0
 1432 000f 02       		.uleb128 0x2
 1433 0010 24       		.uleb128 0x24
 1434 0011 00       		.byte	0
 1435 0012 0B       		.uleb128 0xb
 1436 0013 0B       		.uleb128 0xb
 1437 0014 3E       		.uleb128 0x3e
 1438 0015 0B       		.uleb128 0xb
 1439 0016 03       		.uleb128 0x3
 1440 0017 08       		.uleb128 0x8
 1441 0018 00       		.byte	0
 1442 0019 00       		.byte	0
 1443 001a 03       		.uleb128 0x3
 1444 001b 16       		.uleb128 0x16
 1445 001c 00       		.byte	0
 1446 001d 03       		.uleb128 0x3
 1447 001e 0E       		.uleb128 0xe
 1448 001f 3A       		.uleb128 0x3a
 1449 0020 0B       		.uleb128 0xb
 1450 0021 3B       		.uleb128 0x3b
 1451 0022 0B       		.uleb128 0xb
 1452 0023 49       		.uleb128 0x49
 1453 0024 13       		.uleb128 0x13
 1454 0025 00       		.byte	0
 1455 0026 00       		.byte	0
 1456 0027 04       		.uleb128 0x4
 1457 0028 24       		.uleb128 0x24
 1458 0029 00       		.byte	0
 1459 002a 0B       		.uleb128 0xb
 1460 002b 0B       		.uleb128 0xb
 1461 002c 3E       		.uleb128 0x3e
 1462 002d 0B       		.uleb128 0xb
 1463 002e 03       		.uleb128 0x3
 1464 002f 0E       		.uleb128 0xe
 1465 0030 00       		.byte	0
 1466 0031 00       		.byte	0
 1467 0032 05       		.uleb128 0x5
 1468 0033 26       		.uleb128 0x26
 1469 0034 00       		.byte	0
 1470 0035 49       		.uleb128 0x49
 1471 0036 13       		.uleb128 0x13
 1472 0037 00       		.byte	0
 1473 0038 00       		.byte	0
 1474 0039 06       		.uleb128 0x6
 1475 003a 35       		.uleb128 0x35
 1476 003b 00       		.byte	0
 1477 003c 49       		.uleb128 0x49
 1478 003d 13       		.uleb128 0x13
 1479 003e 00       		.byte	0
 1480 003f 00       		.byte	0
 1481 0040 07       		.uleb128 0x7
 1482 0041 13       		.uleb128 0x13
ARM GAS  /tmp/ccK7s75j.s 			page 27


 1483 0042 01       		.byte	0x1
 1484 0043 03       		.uleb128 0x3
 1485 0044 0E       		.uleb128 0xe
 1486 0045 0B       		.uleb128 0xb
 1487 0046 0B       		.uleb128 0xb
 1488 0047 3A       		.uleb128 0x3a
 1489 0048 0B       		.uleb128 0xb
 1490 0049 3B       		.uleb128 0x3b
 1491 004a 0B       		.uleb128 0xb
 1492 004b 01       		.uleb128 0x1
 1493 004c 13       		.uleb128 0x13
 1494 004d 00       		.byte	0
 1495 004e 00       		.byte	0
 1496 004f 08       		.uleb128 0x8
 1497 0050 0D       		.uleb128 0xd
 1498 0051 00       		.byte	0
 1499 0052 03       		.uleb128 0x3
 1500 0053 0E       		.uleb128 0xe
 1501 0054 3A       		.uleb128 0x3a
 1502 0055 0B       		.uleb128 0xb
 1503 0056 3B       		.uleb128 0x3b
 1504 0057 0B       		.uleb128 0xb
 1505 0058 49       		.uleb128 0x49
 1506 0059 13       		.uleb128 0x13
 1507 005a 38       		.uleb128 0x38
 1508 005b 0B       		.uleb128 0xb
 1509 005c 00       		.byte	0
 1510 005d 00       		.byte	0
 1511 005e 09       		.uleb128 0x9
 1512 005f 0D       		.uleb128 0xd
 1513 0060 00       		.byte	0
 1514 0061 03       		.uleb128 0x3
 1515 0062 08       		.uleb128 0x8
 1516 0063 3A       		.uleb128 0x3a
 1517 0064 0B       		.uleb128 0xb
 1518 0065 3B       		.uleb128 0x3b
 1519 0066 0B       		.uleb128 0xb
 1520 0067 49       		.uleb128 0x49
 1521 0068 13       		.uleb128 0x13
 1522 0069 38       		.uleb128 0x38
 1523 006a 0B       		.uleb128 0xb
 1524 006b 00       		.byte	0
 1525 006c 00       		.byte	0
 1526 006d 0A       		.uleb128 0xa
 1527 006e 0D       		.uleb128 0xd
 1528 006f 00       		.byte	0
 1529 0070 03       		.uleb128 0x3
 1530 0071 08       		.uleb128 0x8
 1531 0072 3A       		.uleb128 0x3a
 1532 0073 0B       		.uleb128 0xb
 1533 0074 3B       		.uleb128 0x3b
 1534 0075 05       		.uleb128 0x5
 1535 0076 49       		.uleb128 0x49
 1536 0077 13       		.uleb128 0x13
 1537 0078 38       		.uleb128 0x38
 1538 0079 0B       		.uleb128 0xb
 1539 007a 00       		.byte	0
ARM GAS  /tmp/ccK7s75j.s 			page 28


 1540 007b 00       		.byte	0
 1541 007c 0B       		.uleb128 0xb
 1542 007d 0D       		.uleb128 0xd
 1543 007e 00       		.byte	0
 1544 007f 03       		.uleb128 0x3
 1545 0080 0E       		.uleb128 0xe
 1546 0081 3A       		.uleb128 0x3a
 1547 0082 0B       		.uleb128 0xb
 1548 0083 3B       		.uleb128 0x3b
 1549 0084 05       		.uleb128 0x5
 1550 0085 49       		.uleb128 0x49
 1551 0086 13       		.uleb128 0x13
 1552 0087 38       		.uleb128 0x38
 1553 0088 0B       		.uleb128 0xb
 1554 0089 00       		.byte	0
 1555 008a 00       		.byte	0
 1556 008b 0C       		.uleb128 0xc
 1557 008c 0F       		.uleb128 0xf
 1558 008d 00       		.byte	0
 1559 008e 0B       		.uleb128 0xb
 1560 008f 0B       		.uleb128 0xb
 1561 0090 49       		.uleb128 0x49
 1562 0091 13       		.uleb128 0x13
 1563 0092 00       		.byte	0
 1564 0093 00       		.byte	0
 1565 0094 0D       		.uleb128 0xd
 1566 0095 13       		.uleb128 0x13
 1567 0096 01       		.byte	0x1
 1568 0097 03       		.uleb128 0x3
 1569 0098 0E       		.uleb128 0xe
 1570 0099 0B       		.uleb128 0xb
 1571 009a 0B       		.uleb128 0xb
 1572 009b 3A       		.uleb128 0x3a
 1573 009c 0B       		.uleb128 0xb
 1574 009d 3B       		.uleb128 0x3b
 1575 009e 05       		.uleb128 0x5
 1576 009f 01       		.uleb128 0x1
 1577 00a0 13       		.uleb128 0x13
 1578 00a1 00       		.byte	0
 1579 00a2 00       		.byte	0
 1580 00a3 0E       		.uleb128 0xe
 1581 00a4 15       		.uleb128 0x15
 1582 00a5 01       		.byte	0x1
 1583 00a6 27       		.uleb128 0x27
 1584 00a7 19       		.uleb128 0x19
 1585 00a8 01       		.uleb128 0x1
 1586 00a9 13       		.uleb128 0x13
 1587 00aa 00       		.byte	0
 1588 00ab 00       		.byte	0
 1589 00ac 0F       		.uleb128 0xf
 1590 00ad 05       		.uleb128 0x5
 1591 00ae 00       		.byte	0
 1592 00af 49       		.uleb128 0x49
 1593 00b0 13       		.uleb128 0x13
 1594 00b1 00       		.byte	0
 1595 00b2 00       		.byte	0
 1596 00b3 10       		.uleb128 0x10
ARM GAS  /tmp/ccK7s75j.s 			page 29


 1597 00b4 0F       		.uleb128 0xf
 1598 00b5 00       		.byte	0
 1599 00b6 0B       		.uleb128 0xb
 1600 00b7 0B       		.uleb128 0xb
 1601 00b8 00       		.byte	0
 1602 00b9 00       		.byte	0
 1603 00ba 11       		.uleb128 0x11
 1604 00bb 34       		.uleb128 0x34
 1605 00bc 00       		.byte	0
 1606 00bd 03       		.uleb128 0x3
 1607 00be 0E       		.uleb128 0xe
 1608 00bf 3A       		.uleb128 0x3a
 1609 00c0 0B       		.uleb128 0xb
 1610 00c1 3B       		.uleb128 0x3b
 1611 00c2 05       		.uleb128 0x5
 1612 00c3 49       		.uleb128 0x49
 1613 00c4 13       		.uleb128 0x13
 1614 00c5 3F       		.uleb128 0x3f
 1615 00c6 19       		.uleb128 0x19
 1616 00c7 3C       		.uleb128 0x3c
 1617 00c8 19       		.uleb128 0x19
 1618 00c9 00       		.byte	0
 1619 00ca 00       		.byte	0
 1620 00cb 12       		.uleb128 0x12
 1621 00cc 34       		.uleb128 0x34
 1622 00cd 00       		.byte	0
 1623 00ce 03       		.uleb128 0x3
 1624 00cf 0E       		.uleb128 0xe
 1625 00d0 3A       		.uleb128 0x3a
 1626 00d1 0B       		.uleb128 0xb
 1627 00d2 3B       		.uleb128 0x3b
 1628 00d3 0B       		.uleb128 0xb
 1629 00d4 49       		.uleb128 0x49
 1630 00d5 13       		.uleb128 0x13
 1631 00d6 3F       		.uleb128 0x3f
 1632 00d7 19       		.uleb128 0x19
 1633 00d8 3C       		.uleb128 0x3c
 1634 00d9 19       		.uleb128 0x19
 1635 00da 00       		.byte	0
 1636 00db 00       		.byte	0
 1637 00dc 13       		.uleb128 0x13
 1638 00dd 01       		.uleb128 0x1
 1639 00de 01       		.byte	0x1
 1640 00df 49       		.uleb128 0x49
 1641 00e0 13       		.uleb128 0x13
 1642 00e1 01       		.uleb128 0x1
 1643 00e2 13       		.uleb128 0x13
 1644 00e3 00       		.byte	0
 1645 00e4 00       		.byte	0
 1646 00e5 14       		.uleb128 0x14
 1647 00e6 21       		.uleb128 0x21
 1648 00e7 00       		.byte	0
 1649 00e8 49       		.uleb128 0x49
 1650 00e9 13       		.uleb128 0x13
 1651 00ea 2F       		.uleb128 0x2f
 1652 00eb 0B       		.uleb128 0xb
 1653 00ec 00       		.byte	0
ARM GAS  /tmp/ccK7s75j.s 			page 30


 1654 00ed 00       		.byte	0
 1655 00ee 15       		.uleb128 0x15
 1656 00ef 13       		.uleb128 0x13
 1657 00f0 01       		.byte	0x1
 1658 00f1 0B       		.uleb128 0xb
 1659 00f2 0B       		.uleb128 0xb
 1660 00f3 3A       		.uleb128 0x3a
 1661 00f4 0B       		.uleb128 0xb
 1662 00f5 3B       		.uleb128 0x3b
 1663 00f6 0B       		.uleb128 0xb
 1664 00f7 01       		.uleb128 0x1
 1665 00f8 13       		.uleb128 0x13
 1666 00f9 00       		.byte	0
 1667 00fa 00       		.byte	0
 1668 00fb 16       		.uleb128 0x16
 1669 00fc 17       		.uleb128 0x17
 1670 00fd 01       		.byte	0x1
 1671 00fe 0B       		.uleb128 0xb
 1672 00ff 0B       		.uleb128 0xb
 1673 0100 3A       		.uleb128 0x3a
 1674 0101 0B       		.uleb128 0xb
 1675 0102 3B       		.uleb128 0x3b
 1676 0103 0B       		.uleb128 0xb
 1677 0104 01       		.uleb128 0x1
 1678 0105 13       		.uleb128 0x13
 1679 0106 00       		.byte	0
 1680 0107 00       		.byte	0
 1681 0108 17       		.uleb128 0x17
 1682 0109 0D       		.uleb128 0xd
 1683 010a 00       		.byte	0
 1684 010b 03       		.uleb128 0x3
 1685 010c 0E       		.uleb128 0xe
 1686 010d 3A       		.uleb128 0x3a
 1687 010e 0B       		.uleb128 0xb
 1688 010f 3B       		.uleb128 0x3b
 1689 0110 0B       		.uleb128 0xb
 1690 0111 49       		.uleb128 0x49
 1691 0112 13       		.uleb128 0x13
 1692 0113 00       		.byte	0
 1693 0114 00       		.byte	0
 1694 0115 18       		.uleb128 0x18
 1695 0116 0D       		.uleb128 0xd
 1696 0117 00       		.byte	0
 1697 0118 03       		.uleb128 0x3
 1698 0119 0E       		.uleb128 0xe
 1699 011a 3A       		.uleb128 0x3a
 1700 011b 0B       		.uleb128 0xb
 1701 011c 3B       		.uleb128 0x3b
 1702 011d 05       		.uleb128 0x5
 1703 011e 49       		.uleb128 0x49
 1704 011f 13       		.uleb128 0x13
 1705 0120 00       		.byte	0
 1706 0121 00       		.byte	0
 1707 0122 19       		.uleb128 0x19
 1708 0123 34       		.uleb128 0x34
 1709 0124 00       		.byte	0
 1710 0125 03       		.uleb128 0x3
ARM GAS  /tmp/ccK7s75j.s 			page 31


 1711 0126 08       		.uleb128 0x8
 1712 0127 3A       		.uleb128 0x3a
 1713 0128 0B       		.uleb128 0xb
 1714 0129 3B       		.uleb128 0x3b
 1715 012a 05       		.uleb128 0x5
 1716 012b 49       		.uleb128 0x49
 1717 012c 13       		.uleb128 0x13
 1718 012d 3F       		.uleb128 0x3f
 1719 012e 19       		.uleb128 0x19
 1720 012f 3C       		.uleb128 0x3c
 1721 0130 19       		.uleb128 0x19
 1722 0131 00       		.byte	0
 1723 0132 00       		.byte	0
 1724 0133 1A       		.uleb128 0x1a
 1725 0134 21       		.uleb128 0x21
 1726 0135 00       		.byte	0
 1727 0136 00       		.byte	0
 1728 0137 00       		.byte	0
 1729 0138 1B       		.uleb128 0x1b
 1730 0139 15       		.uleb128 0x15
 1731 013a 01       		.byte	0x1
 1732 013b 27       		.uleb128 0x27
 1733 013c 19       		.uleb128 0x19
 1734 013d 49       		.uleb128 0x49
 1735 013e 13       		.uleb128 0x13
 1736 013f 01       		.uleb128 0x1
 1737 0140 13       		.uleb128 0x13
 1738 0141 00       		.byte	0
 1739 0142 00       		.byte	0
 1740 0143 1C       		.uleb128 0x1c
 1741 0144 16       		.uleb128 0x16
 1742 0145 00       		.byte	0
 1743 0146 03       		.uleb128 0x3
 1744 0147 0E       		.uleb128 0xe
 1745 0148 3A       		.uleb128 0x3a
 1746 0149 0B       		.uleb128 0xb
 1747 014a 3B       		.uleb128 0x3b
 1748 014b 05       		.uleb128 0x5
 1749 014c 49       		.uleb128 0x49
 1750 014d 13       		.uleb128 0x13
 1751 014e 00       		.byte	0
 1752 014f 00       		.byte	0
 1753 0150 00       		.byte	0
 1754              		.section	.debug_aranges,"",%progbits
 1755 0000 14000000 		.4byte	0x14
 1756 0004 0200     		.2byte	0x2
 1757 0006 00000000 		.4byte	.Ldebug_info0
 1758 000a 04       		.byte	0x4
 1759 000b 00       		.byte	0
 1760 000c 0000     		.2byte	0
 1761 000e 0000     		.2byte	0
 1762 0010 00000000 		.4byte	0
 1763 0014 00000000 		.4byte	0
 1764              		.section	.debug_line,"",%progbits
 1765              	.Ldebug_line0:
 1766 0000 24030000 		.section	.debug_str,"MS",%progbits,1
 1766      02001E03 
ARM GAS  /tmp/ccK7s75j.s 			page 32


 1766      00000201 
 1766      FB0E0D00 
 1766      01010101 
 1767              	.LASF56:
 1768 0000 72656164 		.ascii	"ready_list_t\000"
 1768      795F6C69 
 1768      73745F74 
 1768      00
 1769              	.LASF4:
 1770 000d 73697A65 		.ascii	"size_t\000"
 1770      5F7400
 1771              	.LASF62:
 1772 0014 64656C74 		.ascii	"delta\000"
 1772      6100
 1773              	.LASF99:
 1774 001a 7264796D 		.ascii	"rdymsg\000"
 1774      736700
 1775              	.LASF20:
 1776 0021 75696E74 		.ascii	"uint64_t\000"
 1776      36345F74 
 1776      00
 1777              	.LASF75:
 1778 002a 6B65726E 		.ascii	"kernel_stats\000"
 1778      656C5F73 
 1778      74617473 
 1778      00
 1779              	.LASF5:
 1780 0037 5F5F7569 		.ascii	"__uint8_t\000"
 1780      6E74385F 
 1780      7400
 1781              	.LASF55:
 1782 0041 70726576 		.ascii	"prev\000"
 1782      00
 1783              	.LASF86:
 1784 0046 706F7274 		.ascii	"port_intctx\000"
 1784      5F696E74 
 1784      63747800 
 1785              	.LASF54:
 1786 0052 63685F74 		.ascii	"ch_threads_queue\000"
 1786      68726561 
 1786      64735F71 
 1786      75657565 
 1786      00
 1787              	.LASF67:
 1788 0063 73797374 		.ascii	"system_debug_t\000"
 1788      656D5F64 
 1788      65627567 
 1788      5F7400
 1789              	.LASF142:
 1790 0072 70726F76 		.ascii	"provider\000"
 1790      69646572 
 1790      00
 1791              	.LASF152:
 1792 007b 73656D5F 		.ascii	"sem_list\000"
 1792      6C697374 
 1792      00
 1793              	.LASF90:
ARM GAS  /tmp/ccK7s75j.s 			page 33


 1794 0084 776F7273 		.ascii	"worst\000"
 1794      7400
 1795              	.LASF93:
 1796 008a 74696D65 		.ascii	"time_measurement_t\000"
 1796      5F6D6561 
 1796      73757265 
 1796      6D656E74 
 1796      5F7400
 1797              	.LASF15:
 1798 009d 6C6F6E67 		.ascii	"long long unsigned int\000"
 1798      206C6F6E 
 1798      6720756E 
 1798      7369676E 
 1798      65642069 
 1799              	.LASF100:
 1800 00b4 65786974 		.ascii	"exitcode\000"
 1800      636F6465 
 1800      00
 1801              	.LASF74:
 1802 00bd 6D61696E 		.ascii	"mainthread\000"
 1802      74687265 
 1802      616400
 1803              	.LASF103:
 1804 00c8 73656E74 		.ascii	"sentmsg\000"
 1804      6D736700 
 1805              	.LASF64:
 1806 00d0 76697274 		.ascii	"virtual_timers_list_t\000"
 1806      75616C5F 
 1806      74696D65 
 1806      72735F6C 
 1806      6973745F 
 1807              	.LASF79:
 1808 00e6 49544D5F 		.ascii	"ITM_RxBuffer\000"
 1808      52784275 
 1808      66666572 
 1808      00
 1809              	.LASF145:
 1810 00f3 64796E5F 		.ascii	"dyn_element_t\000"
 1810      656C656D 
 1810      656E745F 
 1810      7400
 1811              	.LASF52:
 1812 0101 6E657874 		.ascii	"next\000"
 1812      00
 1813              	.LASF22:
 1814 0106 72747469 		.ascii	"rttime_t\000"
 1814      6D655F74 
 1814      00
 1815              	.LASF1:
 1816 010f 6C6F6E67 		.ascii	"long long int\000"
 1816      206C6F6E 
 1816      6720696E 
 1816      7400
 1817              	.LASF3:
 1818 011d 7369676E 		.ascii	"signed char\000"
 1818      65642063 
 1818      68617200 
ARM GAS  /tmp/ccK7s75j.s 			page 34


 1819              	.LASF114:
 1820 0129 73697A65 		.ascii	"size\000"
 1820      00
 1821              	.LASF72:
 1822 012e 726C6973 		.ascii	"rlist\000"
 1822      7400
 1823              	.LASF73:
 1824 0134 76746C69 		.ascii	"vtlist\000"
 1824      737400
 1825              	.LASF160:
 1826 013b 2F686F6D 		.ascii	"/home/incsl/ardupilot/build/CUAVv5\000"
 1826      652F696E 
 1826      63736C2F 
 1826      61726475 
 1826      70696C6F 
 1827              	.LASF42:
 1828 015e 6D736771 		.ascii	"msgqueue\000"
 1828      75657565 
 1828      00
 1829              	.LASF38:
 1830 0167 73746174 		.ascii	"state\000"
 1830      6500
 1831              	.LASF11:
 1832 016d 6C6F6E67 		.ascii	"long int\000"
 1832      20696E74 
 1832      00
 1833              	.LASF24:
 1834 0176 74737461 		.ascii	"tstate_t\000"
 1834      74655F74 
 1834      00
 1835              	.LASF63:
 1836 017f 66756E63 		.ascii	"func\000"
 1836      00
 1837              	.LASF47:
 1838 0184 73746174 		.ascii	"stats\000"
 1838      7300
 1839              	.LASF130:
 1840 018a 63686465 		.ascii	"chdebug_t\000"
 1840      6275675F 
 1840      7400
 1841              	.LASF128:
 1842 0194 6F66665F 		.ascii	"off_preempt\000"
 1842      70726565 
 1842      6D707400 
 1843              	.LASF12:
 1844 01a0 5F5F7569 		.ascii	"__uint32_t\000"
 1844      6E743332 
 1844      5F7400
 1845              	.LASF83:
 1846 01ab 72656761 		.ascii	"regarm_t\000"
 1846      726D5F74 
 1846      00
 1847              	.LASF154:
 1848 01b4 6D62785F 		.ascii	"mbx_list\000"
 1848      6C697374 
 1848      00
 1849              	.LASF68:
ARM GAS  /tmp/ccK7s75j.s 			page 35


 1850 01bd 63685F73 		.ascii	"ch_system_debug\000"
 1850      79737465 
 1850      6D5F6465 
 1850      62756700 
 1851              	.LASF41:
 1852 01cd 77616974 		.ascii	"waiting\000"
 1852      696E6700 
 1853              	.LASF82:
 1854 01d5 41504250 		.ascii	"APBPrescTable\000"
 1854      72657363 
 1854      5461626C 
 1854      6500
 1855              	.LASF113:
 1856 01e3 7A65726F 		.ascii	"zero\000"
 1856      00
 1857              	.LASF132:
 1858 01e8 6D757465 		.ascii	"mutex_t\000"
 1858      785F7400 
 1859              	.LASF141:
 1860 01f0 616C6967 		.ascii	"align\000"
 1860      6E00
 1861              	.LASF77:
 1862 01f6 73797369 		.ascii	"sysinterval_t\000"
 1862      6E746572 
 1862      76616C5F 
 1862      7400
 1863              	.LASF29:
 1864 0204 636E745F 		.ascii	"cnt_t\000"
 1864      7400
 1865              	.LASF0:
 1866 020a 756E7369 		.ascii	"unsigned int\000"
 1866      676E6564 
 1866      20696E74 
 1866      00
 1867              	.LASF17:
 1868 0217 75696E74 		.ascii	"uint16_t\000"
 1868      31365F74 
 1868      00
 1869              	.LASF80:
 1870 0220 53797374 		.ascii	"SystemCoreClock\000"
 1870      656D436F 
 1870      7265436C 
 1870      6F636B00 
 1871              	.LASF104:
 1872 0230 77747365 		.ascii	"wtsemp\000"
 1872      6D7000
 1873              	.LASF102:
 1874 0237 77747472 		.ascii	"wttrp\000"
 1874      7000
 1875              	.LASF131:
 1876 023d 63685F64 		.ascii	"ch_debug\000"
 1876      65627567 
 1876      00
 1877              	.LASF143:
 1878 0246 6D656D6F 		.ascii	"memory_pool_t\000"
 1878      72795F70 
 1878      6F6F6C5F 
ARM GAS  /tmp/ccK7s75j.s 			page 36


 1878      7400
 1879              	.LASF94:
 1880 0254 6E5F6972 		.ascii	"n_irq\000"
 1880      7100
 1881              	.LASF32:
 1882 025a 71756575 		.ascii	"queue\000"
 1882      6500
 1883              	.LASF46:
 1884 0260 6D706F6F 		.ascii	"mpool\000"
 1884      6C00
 1885              	.LASF127:
 1886 0266 6F66665F 		.ascii	"off_refs\000"
 1886      72656673 
 1886      00
 1887              	.LASF98:
 1888 026f 6B65726E 		.ascii	"kernel_stats_t\000"
 1888      656C5F73 
 1888      74617473 
 1888      5F7400
 1889              	.LASF36:
 1890 027e 6E616D65 		.ascii	"name\000"
 1890      00
 1891              	.LASF50:
 1892 0283 63685F74 		.ascii	"ch_thread\000"
 1892      68726561 
 1892      6400
 1893              	.LASF27:
 1894 028d 6D73675F 		.ascii	"msg_t\000"
 1894      7400
 1895              	.LASF91:
 1896 0293 6C617374 		.ascii	"last\000"
 1896      00
 1897              	.LASF30:
 1898 0298 75636E74 		.ascii	"ucnt_t\000"
 1898      5F7400
 1899              	.LASF43:
 1900 029f 6570656E 		.ascii	"epending\000"
 1900      64696E67 
 1900      00
 1901              	.LASF147:
 1902 02a8 64796E5F 		.ascii	"dyn_list_t\000"
 1902      6C697374 
 1902      5F7400
 1903              	.LASF70:
 1904 02b3 63685F73 		.ascii	"ch_system_t\000"
 1904      79737465 
 1904      6D5F7400 
 1905              	.LASF120:
 1906 02bf 6F66665F 		.ascii	"off_ctx\000"
 1906      63747800 
 1907              	.LASF23:
 1908 02c7 746D6F64 		.ascii	"tmode_t\000"
 1908      655F7400 
 1909              	.LASF97:
 1910 02cf 6D5F6372 		.ascii	"m_crit_isr\000"
 1910      69745F69 
 1910      737200
ARM GAS  /tmp/ccK7s75j.s 			page 37


 1911              	.LASF57:
 1912 02da 63685F72 		.ascii	"ch_ready_list\000"
 1912      65616479 
 1912      5F6C6973 
 1912      7400
 1913              	.LASF28:
 1914 02e8 6576656E 		.ascii	"eventmask_t\000"
 1914      746D6173 
 1914      6B5F7400 
 1915              	.LASF81:
 1916 02f4 41484250 		.ascii	"AHBPrescTable\000"
 1916      72657363 
 1916      5461626C 
 1916      6500
 1917              	.LASF136:
 1918 0302 656E646D 		.ascii	"endmem\000"
 1918      656D00
 1919              	.LASF10:
 1920 0309 5F5F696E 		.ascii	"__int32_t\000"
 1920      7433325F 
 1920      7400
 1921              	.LASF84:
 1922 0313 73746B61 		.ascii	"stkalign_t\000"
 1922      6C69676E 
 1922      5F7400
 1923              	.LASF34:
 1924 031e 6E657765 		.ascii	"newer\000"
 1924      7200
 1925              	.LASF45:
 1926 0324 7265616C 		.ascii	"realprio\000"
 1926      7072696F 
 1926      00
 1927              	.LASF115:
 1928 032d 76657273 		.ascii	"version\000"
 1928      696F6E00 
 1929              	.LASF78:
 1930 0335 73697A65 		.ascii	"sizetype\000"
 1930      74797065 
 1930      00
 1931              	.LASF48:
 1932 033e 74687265 		.ascii	"thread_reference_t\000"
 1932      61645F72 
 1932      65666572 
 1932      656E6365 
 1932      5F7400
 1933              	.LASF65:
 1934 0351 63685F76 		.ascii	"ch_virtual_timers_list\000"
 1934      69727475 
 1934      616C5F74 
 1934      696D6572 
 1934      735F6C69 
 1935              	.LASF2:
 1936 0368 6C6F6E67 		.ascii	"long double\000"
 1936      20646F75 
 1936      626C6500 
 1937              	.LASF146:
 1938 0374 63685F64 		.ascii	"ch_dyn_list\000"
ARM GAS  /tmp/ccK7s75j.s 			page 38


 1938      796E5F6C 
 1938      69737400 
 1939              	.LASF121:
 1940 0380 6F66665F 		.ascii	"off_newer\000"
 1940      6E657765 
 1940      7200
 1941              	.LASF85:
 1942 038a 706F7274 		.ascii	"port_context\000"
 1942      5F636F6E 
 1942      74657874 
 1942      00
 1943              	.LASF88:
 1944 0397 746D5F63 		.ascii	"tm_calibration_t\000"
 1944      616C6962 
 1944      72617469 
 1944      6F6E5F74 
 1944      00
 1945              	.LASF33:
 1946 03a8 7072696F 		.ascii	"prio\000"
 1946      00
 1947              	.LASF153:
 1948 03ad 73656D5F 		.ascii	"sem_pool\000"
 1948      706F6F6C 
 1948      00
 1949              	.LASF58:
 1950 03b6 63757272 		.ascii	"current\000"
 1950      656E7400 
 1951              	.LASF14:
 1952 03be 5F5F7569 		.ascii	"__uint64_t\000"
 1952      6E743634 
 1952      5F7400
 1953              	.LASF137:
 1954 03c9 6D656D63 		.ascii	"memcore_t\000"
 1954      6F72655F 
 1954      7400
 1955              	.LASF92:
 1956 03d3 63756D75 		.ascii	"cumulative\000"
 1956      6C617469 
 1956      766500
 1957              	.LASF25:
 1958 03de 74726566 		.ascii	"trefs_t\000"
 1958      735F7400 
 1959              	.LASF118:
 1960 03e6 74687265 		.ascii	"threadsize\000"
 1960      61647369 
 1960      7A6500
 1961              	.LASF40:
 1962 03f1 72656673 		.ascii	"refs\000"
 1962      00
 1963              	.LASF60:
 1964 03f6 76697274 		.ascii	"virtual_timer_t\000"
 1964      75616C5F 
 1964      74696D65 
 1964      725F7400 
 1965              	.LASF144:
 1966 0406 63685F64 		.ascii	"ch_dyn_element\000"
 1966      796E5F65 
ARM GAS  /tmp/ccK7s75j.s 			page 39


 1966      6C656D65 
 1966      6E7400
 1967              	.LASF26:
 1968 0415 74707269 		.ascii	"tprio_t\000"
 1968      6F5F7400 
 1969              	.LASF158:
 1970 041d 474E5520 		.ascii	"GNU C11 6.3.1 20170620 (release) [ARM/embedded-6-br"
 1970      43313120 
 1970      362E332E 
 1970      31203230 
 1970      31373036 
 1971 0450 616E6368 		.ascii	"anch revision 249437] -mcpu=cortex-m7 -mfloat-abi=h"
 1971      20726576 
 1971      6973696F 
 1971      6E203234 
 1971      39343337 
 1972 0483 61726420 		.ascii	"ard -mfpu=fpv4-sp-d16 -mno-thumb-interwork -mthumb "
 1972      2D6D6670 
 1972      753D6670 
 1972      76342D73 
 1972      702D6431 
 1973 04b6 2D67202D 		.ascii	"-g -Os -fomit-frame-pointer -falign-functions=16 -f"
 1973      4F73202D 
 1973      666F6D69 
 1973      742D6672 
 1973      616D652D 
 1974 04e9 66756E63 		.ascii	"function-sections -fdata-sections -fno-common -fsin"
 1974      74696F6E 
 1974      2D736563 
 1974      74696F6E 
 1974      73202D66 
 1975 051c 676C652D 		.ascii	"gle-precision-constant\000"
 1975      70726563 
 1975      6973696F 
 1975      6E2D636F 
 1975      6E737461 
 1976              	.LASF151:
 1977 0533 6275665F 		.ascii	"buf_list\000"
 1977      6C697374 
 1977      00
 1978              	.LASF95:
 1979 053c 6E5F6374 		.ascii	"n_ctxswc\000"
 1979      78737763 
 1979      00
 1980              	.LASF133:
 1981 0545 5F426F6F 		.ascii	"_Bool\000"
 1981      6C00
 1982              	.LASF18:
 1983 054b 696E7433 		.ascii	"int32_t\000"
 1983      325F7400 
 1984              	.LASF6:
 1985 0553 756E7369 		.ascii	"unsigned char\000"
 1985      676E6564 
 1985      20636861 
 1985      7200
 1986              	.LASF119:
 1987 0561 6F66665F 		.ascii	"off_prio\000"
ARM GAS  /tmp/ccK7s75j.s 			page 40


 1987      7072696F 
 1987      00
 1988              	.LASF124:
 1989 056a 6F66665F 		.ascii	"off_stklimit\000"
 1989      73746B6C 
 1989      696D6974 
 1989      00
 1990              	.LASF7:
 1991 0577 73686F72 		.ascii	"short int\000"
 1991      7420696E 
 1991      7400
 1992              	.LASF66:
 1993 0581 6C617374 		.ascii	"lasttime\000"
 1993      74696D65 
 1993      00
 1994              	.LASF106:
 1995 058a 65776D61 		.ascii	"ewmask\000"
 1995      736B00
 1996              	.LASF71:
 1997 0591 63685F73 		.ascii	"ch_system\000"
 1997      79737465 
 1997      6D00
 1998              	.LASF157:
 1999 059b 63685F66 		.ascii	"ch_factory\000"
 1999      6163746F 
 1999      727900
 2000              	.LASF159:
 2001 05a6 2E2E2F2E 		.ascii	"../../modules/ChibiOS/os/common/ports/ARMCMx/chcore"
 2001      2E2F6D6F 
 2001      64756C65 
 2001      732F4368 
 2001      6962694F 
 2002 05d9 2E6300   		.ascii	".c\000"
 2003              	.LASF150:
 2004 05dc 6F626A5F 		.ascii	"obj_pool\000"
 2004      706F6F6C 
 2004      00
 2005              	.LASF61:
 2006 05e5 63685F76 		.ascii	"ch_virtual_timer\000"
 2006      69727475 
 2006      616C5F74 
 2006      696D6572 
 2006      00
 2007              	.LASF107:
 2008 05f6 63685F73 		.ascii	"ch_semaphore\000"
 2008      656D6170 
 2008      686F7265 
 2008      00
 2009              	.LASF129:
 2010 0603 6F66665F 		.ascii	"off_time\000"
 2010      74696D65 
 2010      00
 2011              	.LASF111:
 2012 060c 63685F69 		.ascii	"ch_idle_thread_wa\000"
 2012      646C655F 
 2012      74687265 
 2012      61645F77 
ARM GAS  /tmp/ccK7s75j.s 			page 41


 2012      6100
 2013              	.LASF117:
 2014 061e 74696D65 		.ascii	"timesize\000"
 2014      73697A65 
 2014      00
 2015              	.LASF19:
 2016 0627 75696E74 		.ascii	"uint32_t\000"
 2016      33325F74 
 2016      00
 2017              	.LASF105:
 2018 0630 77746D74 		.ascii	"wtmtxp\000"
 2018      787000
 2019              	.LASF51:
 2020 0637 63685F74 		.ascii	"ch_threads_list\000"
 2020      68726561 
 2020      64735F6C 
 2020      69737400 
 2021              	.LASF109:
 2022 0647 6F776E65 		.ascii	"owner\000"
 2022      7200
 2023              	.LASF13:
 2024 064d 6C6F6E67 		.ascii	"long unsigned int\000"
 2024      20756E73 
 2024      69676E65 
 2024      6420696E 
 2024      7400
 2025              	.LASF37:
 2026 065f 77616261 		.ascii	"wabase\000"
 2026      736500
 2027              	.LASF110:
 2028 0666 63686172 		.ascii	"char\000"
 2028      00
 2029              	.LASF35:
 2030 066b 6F6C6465 		.ascii	"older\000"
 2030      7200
 2031              	.LASF149:
 2032 0671 6F626A5F 		.ascii	"obj_list\000"
 2032      6C697374 
 2032      00
 2033              	.LASF8:
 2034 067a 5F5F7569 		.ascii	"__uint16_t\000"
 2034      6E743136 
 2034      5F7400
 2035              	.LASF31:
 2036 0685 74687265 		.ascii	"thread_t\000"
 2036      61645F74 
 2036      00
 2037              	.LASF89:
 2038 068e 62657374 		.ascii	"best\000"
 2038      00
 2039              	.LASF138:
 2040 0693 63685F6D 		.ascii	"ch_memcore\000"
 2040      656D636F 
 2040      726500
 2041              	.LASF76:
 2042 069e 73797374 		.ascii	"systime_t\000"
 2042      696D655F 
ARM GAS  /tmp/ccK7s75j.s 			page 42


 2042      7400
 2043              	.LASF59:
 2044 06a8 76746675 		.ascii	"vtfunc_t\000"
 2044      6E635F74 
 2044      00
 2045              	.LASF69:
 2046 06b1 70616E69 		.ascii	"panic_msg\000"
 2046      635F6D73 
 2046      6700
 2047              	.LASF87:
 2048 06bb 6F666673 		.ascii	"offset\000"
 2048      657400
 2049              	.LASF108:
 2050 06c2 63685F6D 		.ascii	"ch_mutex\000"
 2050      75746578 
 2050      00
 2051              	.LASF122:
 2052 06cb 6F66665F 		.ascii	"off_older\000"
 2052      6F6C6465 
 2052      7200
 2053              	.LASF9:
 2054 06d5 73686F72 		.ascii	"short unsigned int\000"
 2054      7420756E 
 2054      7369676E 
 2054      65642069 
 2054      6E7400
 2055              	.LASF112:
 2056 06e8 6964656E 		.ascii	"identifier\000"
 2056      74696669 
 2056      657200
 2057              	.LASF21:
 2058 06f3 7274636E 		.ascii	"rtcnt_t\000"
 2058      745F7400 
 2059              	.LASF134:
 2060 06fb 6D656D67 		.ascii	"memgetfunc_t\000"
 2060      65746675 
 2060      6E635F74 
 2060      00
 2061              	.LASF140:
 2062 0708 6F626A65 		.ascii	"object_size\000"
 2062      63745F73 
 2062      697A6500 
 2063              	.LASF116:
 2064 0714 70747273 		.ascii	"ptrsize\000"
 2064      697A6500 
 2065              	.LASF148:
 2066 071c 63685F6F 		.ascii	"ch_objects_factory\000"
 2066      626A6563 
 2066      74735F66 
 2066      6163746F 
 2066      727900
 2067              	.LASF53:
 2068 072f 74687265 		.ascii	"threads_queue_t\000"
 2068      6164735F 
 2068      71756575 
 2068      655F7400 
 2069              	.LASF139:
ARM GAS  /tmp/ccK7s75j.s 			page 43


 2070 073f 706F6F6C 		.ascii	"pool_header\000"
 2070      5F686561 
 2070      64657200 
 2071              	.LASF123:
 2072 074b 6F66665F 		.ascii	"off_name\000"
 2072      6E616D65 
 2072      00
 2073              	.LASF16:
 2074 0754 75696E74 		.ascii	"uint8_t\000"
 2074      385F7400 
 2075              	.LASF39:
 2076 075c 666C6167 		.ascii	"flags\000"
 2076      7300
 2077              	.LASF155:
 2078 0762 6669666F 		.ascii	"fifo_list\000"
 2078      5F6C6973 
 2078      7400
 2079              	.LASF101:
 2080 076c 77746F62 		.ascii	"wtobjp\000"
 2080      6A7000
 2081              	.LASF49:
 2082 0773 74687265 		.ascii	"threads_list_t\000"
 2082      6164735F 
 2082      6C697374 
 2082      5F7400
 2083              	.LASF125:
 2084 0782 6F66665F 		.ascii	"off_state\000"
 2084      73746174 
 2084      6500
 2085              	.LASF156:
 2086 078c 6F626A65 		.ascii	"objects_factory_t\000"
 2086      6374735F 
 2086      66616374 
 2086      6F72795F 
 2086      7400
 2087              	.LASF126:
 2088 079e 6F66665F 		.ascii	"off_flags\000"
 2088      666C6167 
 2088      7300
 2089              	.LASF44:
 2090 07a8 6D74786C 		.ascii	"mtxlist\000"
 2090      69737400 
 2091              	.LASF96:
 2092 07b0 6D5F6372 		.ascii	"m_crit_thd\000"
 2092      69745F74 
 2092      686400
 2093              	.LASF135:
 2094 07bb 6E657874 		.ascii	"nextmem\000"
 2094      6D656D00 
 2095              		.ident	"GCC: (GNU Tools for ARM Embedded Processors 6-2017-q2-update) 6.3.1 20170620 (release) [AR
ARM GAS  /tmp/ccK7s75j.s 			page 44


DEFINED SYMBOLS
                            *ABS*:0000000000000000 chcore.c

NO UNDEFINED SYMBOLS
